#
# There is insufficient memory for the Java Runtime Environment to continue.
# Native memory allocation (mmap) failed to map 42991616 bytes for committing reserved memory.
# Possible reasons:
#   The system is out of physical RAM or swap space
#   In 32 bit mode, the process size limit was hit
# Possible solutions:
#   Reduce memory load on the system
#   Increase physical memory or swap space
#   Check if swap backing store is full
#   Use 64 bit Java on a 64 bit OS
#   Decrease Java heap size (-Xmx/-Xms)
#   Decrease number of Java threads
#   Decrease Java thread stack sizes (-Xss)
#   Set larger code cache with -XX:ReservedCodeCacheSize=
# This output file may be truncated or incomplete.
#
#  Out of Memory Error (os_linux.cpp:2640), pid=7880, tid=0x00007faf339f9700
#
# JRE version: OpenJDK Runtime Environment (8.0_152-b01) (build 1.8.0_152-release-915-b01)
# Java VM: OpenJDK 64-Bit Server VM (25.152-b01 mixed mode linux-amd64 compressed oops)
# Failed to write core dump. Core dumps have been disabled. To enable core dumping, try "ulimit -c unlimited" before starting Java again
#

---------------  T H R E A D  ---------------

Current thread (0x00007faf4c078800):  VMThread [stack: 0x00007faf338f9000,0x00007faf339fa000] [id=7889]

Stack: [0x00007faf338f9000,0x00007faf339fa000],  sp=0x00007faf339f84c0,  free space=1021k
Native frames: (J=compiled Java code, j=interpreted, Vv=VM code, C=native code)
V  [libjvm.so+0x9eb15d]  VMError::report_and_die()+0x15d
V  [libjvm.so+0x4b8eaa]  report_vm_out_of_memory(char const*, int, unsigned long, VMErrorType, char const*)+0x8a
V  [libjvm.so+0x851370]  os::pd_commit_memory(char*, unsigned long, unsigned long, bool)+0xf0
V  [libjvm.so+0x84be8f]  os::commit_memory(char*, unsigned long, unsigned long, bool)+0x1f
V  [libjvm.so+0x8c261b]  PSVirtualSpace::expand_by(unsigned long)+0x5b
V  [libjvm.so+0x8c3290]  PSYoungGen::resize_generation(unsigned long, unsigned long)+0xb0
V  [libjvm.so+0x8c35ab]  PSYoungGen::resize(unsigned long, unsigned long)+0x1b
V  [libjvm.so+0x8bfc9c]  PSScavenge::invoke_no_policy()+0xdac
V  [libjvm.so+0x8c0478]  PSScavenge::invoke()+0x38
V  [libjvm.so+0x8748f3]  ParallelScavengeHeap::failed_mem_allocate(unsigned long)+0x63
V  [libjvm.so+0x9ecc84]  VM_ParallelGCFailedAllocation::doit()+0x84
V  [libjvm.so+0x9f1197]  VM_Operation::evaluate()+0x47
V  [libjvm.so+0x9efb78]  VMThread::evaluate_operation(VM_Operation*)+0x2c8
V  [libjvm.so+0x9efff9]  VMThread::loop()+0x219
V  [libjvm.so+0x9f0442]  VMThread::run()+0x72
V  [libjvm.so+0x84e792]  java_start(Thread*)+0xf2

VM_Operation (0x00007faf30cd5ba0): ParallelGCFailedAllocation, mode: safepoint, requested by thread 0x00007faeec007000


---------------  P R O C E S S  ---------------

Java Threads: ( => current thread )
  0x00007faee90c9000 JavaThread "Memory manager" [_thread_blocked, id=7920, stack(0x00007faecb125000,0x00007faecb226000)]
  0x00007faee82aa800 JavaThread "build operations Thread 4" [_thread_blocked, id=7915, stack(0x00007faecbcfd000,0x00007faecbdfe000)]
  0x00007faee82a9000 JavaThread "build operations Thread 3" [_thread_blocked, id=7914, stack(0x00007faecbdfe000,0x00007faecbeff000)]
  0x00007faee82a7000 JavaThread "build operations Thread 2" [_thread_blocked, id=7913, stack(0x00007faecbeff000,0x00007faecc000000)]
  0x00007faee82a4800 JavaThread "build operations" [_thread_blocked, id=7912, stack(0x00007faf280fe000,0x00007faf281ff000)]
  0x00007faee89b2000 JavaThread "Cache worker for Artifact transforms cache (/home/varadhi5/.gradle/caches/transforms-1)" [_thread_blocked, id=7911, stack(0x00007faf300ab000,0x00007faf301ac000)]
  0x00007faee8340800 JavaThread "Cache worker for file hash cache (/home/varadhi5/AndroidStudioProjects/ManagementTransport/.gradle/4.1/fileHashes)" [_thread_blocked, id=7910, stack(0x00007faf302d8000,0x00007faf303d9000)]
  0x00007faee8120800 JavaThread "File lock request listener" [_thread_in_native, id=7909, stack(0x00007faf305d9000,0x00007faf306da000)]
  0x00007faee811a000 JavaThread "Cache worker for file hash cache (/home/varadhi5/.gradle/caches/4.1/fileHashes)" [_thread_blocked, id=7908, stack(0x00007faf306da000,0x00007faf307db000)]
  0x00007faee8002800 JavaThread "Stdin handler" [_thread_blocked, id=7907, stack(0x00007faf309db000,0x00007faf30adc000)]
  0x00007faee8012000 JavaThread "Asynchronous log dispatcher for DefaultDaemonConnection: socket connection from /127.0.0.1:41655 to /127.0.0.1:60274" [_thread_blocked, id=7906, stack(0x00007faf30adc000,0x00007faf30bdd000)]
  0x00007faeec007000 JavaThread "Daemon worker" [_thread_blocked, id=7903, stack(0x00007faf30bdd000,0x00007faf30cde000)]
  0x00007faeec004000 JavaThread "Cancel handler" [_thread_blocked, id=7902, stack(0x00007faf30cde000,0x00007faf30ddf000)]
  0x00007faeec005800 JavaThread "Handler for socket connection from /127.0.0.1:41655 to /127.0.0.1:60274" [_thread_in_native, id=7901, stack(0x00007faf30ddf000,0x00007faf30ee0000)]
  0x00007faef4018800 JavaThread "Daemon" [_thread_blocked, id=7900, stack(0x00007faf30ee0000,0x00007faf30fe1000)]
  0x00007faf4cc82000 JavaThread "Daemon periodic checks" [_thread_blocked, id=7899, stack(0x00007faf30fe1000,0x00007faf310e2000)]
  0x00007faf4cc62000 JavaThread "Incoming local TCP Connector on port 41655" [_thread_in_native, id=7898, stack(0x00007faf310e9000,0x00007faf311ea000)]
  0x00007faf4c0c8800 JavaThread "Service Thread" daemon [_thread_blocked, id=7896, stack(0x00007faf32833000,0x00007faf32934000)]
  0x00007faf4c0bd800 JavaThread "C1 CompilerThread2" daemon [_thread_blocked, id=7895, stack(0x00007faf32934000,0x00007faf32a35000)]
  0x00007faf4c0bb800 JavaThread "C2 CompilerThread1" daemon [_thread_blocked, id=7894, stack(0x00007faf32a35000,0x00007faf32b36000)]
  0x00007faf4c0b8800 JavaThread "C2 CompilerThread0" daemon [_thread_blocked, id=7893, stack(0x00007faf32b36000,0x00007faf32c37000)]
  0x00007faf4c0b7000 JavaThread "Signal Dispatcher" daemon [_thread_blocked, id=7892, stack(0x00007faf32c37000,0x00007faf32d38000)]
  0x00007faf4c084800 JavaThread "Finalizer" daemon [_thread_blocked, id=7891, stack(0x00007faf336f7000,0x00007faf337f8000)]
  0x00007faf4c080000 JavaThread "Reference Handler" daemon [_thread_blocked, id=7890, stack(0x00007faf337f8000,0x00007faf338f9000)]
  0x00007faf4c00b000 JavaThread "main" [_thread_blocked, id=7884, stack(0x00007faf53210000,0x00007faf53311000)]

Other Threads:
=>0x00007faf4c078800 VMThread [stack: 0x00007faf338f9000,0x00007faf339fa000] [id=7889]
  0x00007faf4c0cb000 WatcherThread [stack: 0x00007faf32732000,0x00007faf32833000] [id=7897]

VM state:at safepoint (normal execution)

VM Mutex/Monitor currently owned by a thread:  ([mutex/lock_event])
[0x00007faf4c007100] Threads_lock - owner thread: 0x00007faf4c078800
[0x00007faf4c007600] Heap_lock - owner thread: 0x00007faeec007000

Heap:
 PSYoungGen      total 127488K, used 10217K [0x00000000e0000000, 0x00000000e8b00000, 0x0000000100000000)
  eden space 117248K, 0% used [0x00000000e0000000,0x00000000e0000000,0x00000000e7280000)
  from space 10240K, 99% used [0x00000000e7700000,0x00000000e80fa5f8,0x00000000e8100000)
  to   space 9216K, 0% used [0x00000000e8200000,0x00000000e8200000,0x00000000e8b00000)
 ParOldGen       total 47104K, used 24753K [0x00000000a0000000, 0x00000000a2e00000, 0x00000000e0000000)
  object space 47104K, 52% used [0x00000000a0000000,0x00000000a182c598,0x00000000a2e00000)
 Metaspace       used 53089K, capacity 54634K, committed 54744K, reserved 1095680K
  class space    used 7132K, capacity 7600K, committed 7680K, reserved 1048576K

Card table byte_map: [0x00007faf3ccff000,0x00007faf3d000000] byte_map_base: 0x00007faf3c7ff000

Marking Bits: (ParMarkBitMap*) 0x00007faf526db3e0
 Begin Bits: [0x00007faf396fb000, 0x00007faf3aefb000)
 End Bits:   [0x00007faf3aefb000, 0x00007faf3c6fb000)

Polling page: 0x00007faf5332e000

CodeCache: size=245760Kb used=18183Kb max_used=18183Kb free=227576Kb
 bounds [0x00007faf3d000000, 0x00007faf3e1e0000, 0x00007faf4c000000]
 total_blobs=5973 nmethods=5202 adapters=684
 compilation: enabled

Compilation events (10 events):
Event: 34.903 Thread 0x00007faf4c0bd800 5715       3       java.lang.invoke.LambdaForm$Name::useCount (42 bytes)
Event: 34.904 Thread 0x00007faf4c0bd800 nmethod 5715 0x00007faf3e1a4210 code [0x00007faf3e1a43a0, 0x00007faf3e1a46b0]
Event: 34.934 Thread 0x00007faf4c0bd800 5716       3       java.lang.invoke.TypeConvertingMethodAdapter::convertType (299 bytes)
Event: 34.937 Thread 0x00007faf4c0bb800 5717       4       jdk.internal.org.objectweb.asm.Item::isEqualTo (354 bytes)
Event: 34.945 Thread 0x00007faf4c0bd800 nmethod 5716 0x00007faf3e1bb510 code [0x00007faf3e1bc2a0, 0x00007faf3e1c7af8]
Event: 34.945 Thread 0x00007faf4c0bd800 5718       3       org.gradle.api.internal.tasks.AbstractTaskPropertyBuilder::setPropertyName (141 bytes)
Event: 34.946 Thread 0x00007faf4c0bb800 nmethod 5717 0x00007faf3e1a1290 code [0x00007faf3e1a1580, 0x00007faf3e1a2038]
Event: 34.947 Thread 0x00007faf4c0bd800 nmethod 5718 0x00007faf3e1d0490 code [0x00007faf3e1d0860, 0x00007faf3e1d2ae8]
Event: 34.947 Thread 0x00007faf4c0bd800 5719       1       org.gradle.api.internal.project.taskfactory.DefaultTaskClassValidatorExtractor$DefaultTaskPropertyActionContext::isOptional (5 bytes)
Event: 34.947 Thread 0x00007faf4c0bd800 nmethod 5719 0x00007faf3e1a3b10 code [0x00007faf3e1a3c60, 0x00007faf3e1a3d70]

GC Heap History (10 events):
Event: 10.979 GC heap after
Heap after GC invocations=10 (full 1):
 PSYoungGen      total 68096K, used 6078K [0x00000000e0000000, 0x00000000e6700000, 0x0000000100000000)
  eden space 60416K, 0% used [0x00000000e0000000,0x00000000e0000000,0x00000000e3b00000)
  from space 7680K, 79% used [0x00000000e3b00000,0x00000000e40ef800,0x00000000e4280000)
  to   space 8192K, 0% used [0x00000000e5f00000,0x00000000e5f00000,0x00000000e6700000)
 ParOldGen       total 28160K, used 6896K [0x00000000a0000000, 0x00000000a1b80000, 0x00000000e0000000)
  object space 28160K, 24% used [0x00000000a0000000,0x00000000a06bc2d8,0x00000000a1b80000)
 Metaspace       used 25774K, capacity 26284K, committed 26496K, reserved 1073152K
  class space    used 3511K, capacity 3685K, committed 3712K, reserved 1048576K
}
Event: 13.376 GC heap before
{Heap before GC invocations=11 (full 1):
 PSYoungGen      total 68096K, used 66494K [0x00000000e0000000, 0x00000000e6700000, 0x0000000100000000)
  eden space 60416K, 100% used [0x00000000e0000000,0x00000000e3b00000,0x00000000e3b00000)
  from space 7680K, 79% used [0x00000000e3b00000,0x00000000e40ef800,0x00000000e4280000)
  to   space 8192K, 0% used [0x00000000e5f00000,0x00000000e5f00000,0x00000000e6700000)
 ParOldGen       total 28160K, used 6896K [0x00000000a0000000, 0x00000000a1b80000, 0x00000000e0000000)
  object space 28160K, 24% used [0x00000000a0000000,0x00000000a06bc2d8,0x00000000a1b80000)
 Metaspace       used 30836K, capacity 31496K, committed 31744K, reserved 1077248K
  class space    used 4277K, capacity 4547K, committed 4608K, reserved 1048576K
Event: 13.387 GC heap after
Heap after GC invocations=11 (full 1):
 PSYoungGen      total 95744K, used 8189K [0x00000000e0000000, 0x00000000e6780000, 0x0000000100000000)
  eden space 87552K, 0% used [0x00000000e0000000,0x00000000e0000000,0x00000000e5580000)
  from space 8192K, 99% used [0x00000000e5f00000,0x00000000e66ff758,0x00000000e6700000)
  to   space 9216K, 0% used [0x00000000e5580000,0x00000000e5580000,0x00000000e5e80000)
 ParOldGen       total 28160K, used 7746K [0x00000000a0000000, 0x00000000a1b80000, 0x00000000e0000000)
  object space 28160K, 27% used [0x00000000a0000000,0x00000000a0790a48,0x00000000a1b80000)
 Metaspace       used 30836K, capacity 31496K, committed 31744K, reserved 1077248K
  class space    used 4277K, capacity 4547K, committed 4608K, reserved 1048576K
}
Event: 18.157 GC heap before
{Heap before GC invocations=12 (full 1):
 PSYoungGen      total 95744K, used 86955K [0x00000000e0000000, 0x00000000e6780000, 0x0000000100000000)
  eden space 87552K, 89% used [0x00000000e0000000,0x00000000e4ceb640,0x00000000e5580000)
  from space 8192K, 99% used [0x00000000e5f00000,0x00000000e66ff758,0x00000000e6700000)
  to   space 9216K, 0% used [0x00000000e5580000,0x00000000e5580000,0x00000000e5e80000)
 ParOldGen       total 28160K, used 7746K [0x00000000a0000000, 0x00000000a1b80000, 0x00000000e0000000)
  object space 28160K, 27% used [0x00000000a0000000,0x00000000a0790a48,0x00000000a1b80000)
 Metaspace       used 34649K, capacity 35360K, committed 35416K, reserved 1079296K
  class space    used 4686K, capacity 4960K, committed 4992K, reserved 1048576K
Event: 18.179 GC heap after
Heap after GC invocations=12 (full 1):
 PSYoungGen      total 96768K, used 5418K [0x00000000e0000000, 0x00000000e8b00000, 0x0000000100000000)
  eden space 87552K, 0% used [0x00000000e0000000,0x00000000e0000000,0x00000000e5580000)
  from space 9216K, 58% used [0x00000000e5580000,0x00000000e5acaa98,0x00000000e5e80000)
  to   space 9216K, 0% used [0x00000000e8200000,0x00000000e8200000,0x00000000e8b00000)
 ParOldGen       total 28160K, used 13274K [0x00000000a0000000, 0x00000000a1b80000, 0x00000000e0000000)
  object space 28160K, 47% used [0x00000000a0000000,0x00000000a0cf6b28,0x00000000a1b80000)
 Metaspace       used 34649K, capacity 35360K, committed 35416K, reserved 1079296K
  class space    used 4686K, capacity 4960K, committed 4992K, reserved 1048576K
}
Event: 18.179 GC heap before
{Heap before GC invocations=13 (full 2):
 PSYoungGen      total 96768K, used 5418K [0x00000000e0000000, 0x00000000e8b00000, 0x0000000100000000)
  eden space 87552K, 0% used [0x00000000e0000000,0x00000000e0000000,0x00000000e5580000)
  from space 9216K, 58% used [0x00000000e5580000,0x00000000e5acaa98,0x00000000e5e80000)
  to   space 9216K, 0% used [0x00000000e8200000,0x00000000e8200000,0x00000000e8b00000)
 ParOldGen       total 28160K, used 13274K [0x00000000a0000000, 0x00000000a1b80000, 0x00000000e0000000)
  object space 28160K, 47% used [0x00000000a0000000,0x00000000a0cf6b28,0x00000000a1b80000)
 Metaspace       used 34649K, capacity 35360K, committed 35416K, reserved 1079296K
  class space    used 4686K, capacity 4960K, committed 4992K, reserved 1048576K
Event: 18.316 GC heap after
Heap after GC invocations=13 (full 2):
 PSYoungGen      total 96768K, used 0K [0x00000000e0000000, 0x00000000e8b00000, 0x0000000100000000)
  eden space 87552K, 0% used [0x00000000e0000000,0x00000000e0000000,0x00000000e5580000)
  from space 9216K, 0% used [0x00000000e5580000,0x00000000e5580000,0x00000000e5e80000)
  to   space 9216K, 0% used [0x00000000e8200000,0x00000000e8200000,0x00000000e8b00000)
 ParOldGen       total 47104K, used 17445K [0x00000000a0000000, 0x00000000a2e00000, 0x00000000e0000000)
  object space 47104K, 37% used [0x00000000a0000000,0x00000000a1109510,0x00000000a2e00000)
 Metaspace       used 34626K, capacity 35272K, committed 35416K, reserved 1079296K
  class space    used 4679K, capacity 4952K, committed 4992K, reserved 1048576K
}
Event: 23.460 GC heap before
{Heap before GC invocations=14 (full 2):
 PSYoungGen      total 96768K, used 87552K [0x00000000e0000000, 0x00000000e8b00000, 0x0000000100000000)
  eden space 87552K, 100% used [0x00000000e0000000,0x00000000e5580000,0x00000000e5580000)
  from space 9216K, 0% used [0x00000000e5580000,0x00000000e5580000,0x00000000e5e80000)
  to   space 9216K, 0% used [0x00000000e8200000,0x00000000e8200000,0x00000000e8b00000)
 ParOldGen       total 47104K, used 17445K [0x00000000a0000000, 0x00000000a2e00000, 0x00000000e0000000)
  object space 47104K, 37% used [0x00000000a0000000,0x00000000a1109510,0x00000000a2e00000)
 Metaspace       used 43469K, capacity 44290K, committed 44504K, reserved 1087488K
  class space    used 5763K, capacity 6080K, committed 6144K, reserved 1048576K
Event: 23.471 GC heap after
Heap after GC invocations=14 (full 2):
 PSYoungGen      total 126464K, used 9138K [0x00000000e0000000, 0x00000000e8b00000, 0x0000000100000000)
  eden space 117248K, 0% used [0x00000000e0000000,0x00000000e0000000,0x00000000e7280000)
  from space 9216K, 99% used [0x00000000e8200000,0x00000000e8aec8d0,0x00000000e8b00000)
  to   space 10240K, 0% used [0x00000000e7700000,0x00000000e7700000,0x00000000e8100000)
 ParOldGen       total 47104K, used 17453K [0x00000000a0000000, 0x00000000a2e00000, 0x00000000e0000000)
  object space 47104K, 37% used [0x00000000a0000000,0x00000000a110b510,0x00000000a2e00000)
 Metaspace       used 43469K, capacity 44290K, committed 44504K, reserved 1087488K
  class space    used 5763K, capacity 6080K, committed 6144K, reserved 1048576K
}
Event: 34.992 GC heap before
{Heap before GC invocations=15 (full 2):
 PSYoungGen      total 126464K, used 126386K [0x00000000e0000000, 0x00000000e8b00000, 0x0000000100000000)
  eden space 117248K, 100% used [0x00000000e0000000,0x00000000e7280000,0x00000000e7280000)
  from space 9216K, 99% used [0x00000000e8200000,0x00000000e8aec8d0,0x00000000e8b00000)
  to   space 10240K, 0% used [0x00000000e7700000,0x00000000e7700000,0x00000000e8100000)
 ParOldGen       total 47104K, used 17453K [0x00000000a0000000, 0x00000000a2e00000, 0x00000000e0000000)
  object space 47104K, 37% used [0x00000000a0000000,0x00000000a110b510,0x00000000a2e00000)
 Metaspace       used 53089K, capacity 54634K, committed 54744K, reserved 1095680K
  class space    used 7132K, capacity 7600K, committed 7680K, reserved 1048576K

Deoptimization events (10 events):
Event: 28.928 Thread 0x00007faeec007000 Uncommon trap: reason=class_check action=maybe_recompile pc=0x00007faf3db93b50 method=com.sun.org.apache.xerces.internal.impl.XMLDocumentFragmentScannerImpl.scanEndElement()I @ 145
Event: 28.928 Thread 0x00007faeec007000 Uncommon trap: reason=class_check action=maybe_recompile pc=0x00007faf3db93b50 method=com.sun.org.apache.xerces.internal.impl.XMLDocumentFragmentScannerImpl.scanEndElement()I @ 145
Event: 29.121 Thread 0x00007faeec007000 Uncommon trap: reason=unstable_if action=reinterpret pc=0x00007faf3dc341d8 method=java.util.regex.Matcher.find()Z @ 10
Event: 29.145 Thread 0x00007faeec007000 Uncommon trap: reason=unstable_if action=reinterpret pc=0x00007faf3d9ed448 method=java.lang.CharacterDataLatin1.digit(II)I @ 31
Event: 29.147 Thread 0x00007faeec007000 Uncommon trap: reason=class_check action=maybe_recompile pc=0x00007faf3dff2cfc method=com.sun.org.apache.xerces.internal.impl.XMLDocumentFragmentScannerImpl$FragmentContentDriver.next()I @ 1410
Event: 29.172 Thread 0x00007faeec007000 Uncommon trap: reason=unstable_if action=reinterpret pc=0x00007faf3d990868 method=java.lang.CharacterDataLatin1.digit(II)I @ 31
Event: 29.174 Thread 0x00007faeec007000 Uncommon trap: reason=class_check action=maybe_recompile pc=0x00007faf3dff2cfc method=com.sun.org.apache.xerces.internal.impl.XMLDocumentFragmentScannerImpl$FragmentContentDriver.next()I @ 1410
Event: 33.159 Thread 0x00007faeec007000 Uncommon trap: reason=unstable_if action=reinterpret pc=0x00007faf3d83f100 method=org.objectweb.asm.ByteVector.putUTF8(Ljava/lang/String;)Lorg/objectweb/asm/ByteVector; @ 91
Event: 33.327 Thread 0x00007faeec007000 Uncommon trap: reason=unstable_if action=reinterpret pc=0x00007faf3d72f61c method=java.lang.String.lastIndexOf([CII[CIII)I @ 118
Event: 34.804 Thread 0x00007faeec007000 Uncommon trap: reason=unstable_if action=reinterpret pc=0x00007faf3e16f978 method=java.util.regex.Pattern$Branch.match(Ljava/util/regex/Matcher;ILjava/lang/CharSequence;)Z @ 35

Classes redefined (0 events):
No events

Internal exceptions (10 events):
Event: 29.574 Thread 0x00007faeec007000 Exception <a 'sun/nio/fs/UnixException'> (0x00000000e499e220) thrown at [/ssd/Android/AOSP-openjdk-git/jdk8u/hotspot/src/share/vm/prims/jni.cpp, line 709]
Event: 29.574 Thread 0x00007faeec007000 Exception <a 'sun/nio/fs/UnixException'> (0x00000000e499f8c8) thrown at [/ssd/Android/AOSP-openjdk-git/jdk8u/hotspot/src/share/vm/prims/jni.cpp, line 709]
Event: 29.574 Thread 0x00007faeec007000 Exception <a 'sun/nio/fs/UnixException'> (0x00000000e49a1478) thrown at [/ssd/Android/AOSP-openjdk-git/jdk8u/hotspot/src/share/vm/prims/jni.cpp, line 709]
Event: 29.574 Thread 0x00007faeec007000 Exception <a 'sun/nio/fs/UnixException'> (0x00000000e49a28d8) thrown at [/ssd/Android/AOSP-openjdk-git/jdk8u/hotspot/src/share/vm/prims/jni.cpp, line 709]
Event: 30.002 Thread 0x00007faeec007000 Exception <a 'java/lang/NoSuchMethodError': java.lang.Object.lambda$comparing$77a9974f$1(Ljava/util/function/Function;Ljava/lang/Object;Ljava/lang/Object;)I> (0x00000000e524f720) thrown at [/ssd/Android/AOSP-openjdk-git/jdk8u/hotspot/src/share/vm/interpre
Event: 30.005 Thread 0x00007faeec007000 Exception <a 'java/lang/NoSuchMethodError': java.lang.Object.lambda$thenComparing$36697e65$1(Ljava/util/Comparator;Ljava/lang/Object;Ljava/lang/Object;)I> (0x00000000e525ada0) thrown at [/ssd/Android/AOSP-openjdk-git/jdk8u/hotspot/src/share/vm/interpreter
Event: 30.376 Thread 0x00007faeec007000 Exception <a 'java/lang/NoSuchMethodError': java.lang.Object.lambda$maxBy$1(Ljava/util/Comparator;Ljava/lang/Object;Ljava/lang/Object;)Ljava/lang/Object;> (0x00000000e53c21c0) thrown at [/ssd/Android/AOSP-openjdk-git/jdk8u/hotspot/src/share/vm/interpreter
Event: 31.731 Thread 0x00007faee90c9000 Exception <a 'java/io/IOException'> (0x00000000e3a498e8) thrown at [/ssd/Android/AOSP-openjdk-git/jdk8u/hotspot/src/share/vm/prims/jni.cpp, line 709]
Event: 32.726 Thread 0x00007faeec007000 Exception <a 'java/lang/ClassNotFoundException': org/gradle/api/plugins/BasePluginConventionBeanInfo> (0x00000000e5a077d8) thrown at [/ssd/Android/AOSP-openjdk-git/jdk8u/hotspot/src/share/vm/classfile/systemDictionary.cpp, line 210]
Event: 32.727 Thread 0x00007faeec007000 Exception <a 'java/lang/ClassNotFoundException': org/gradle/api/plugins/BasePluginConventionCustomizer> (0x00000000e5a270d8) thrown at [/ssd/Android/AOSP-openjdk-git/jdk8u/hotspot/src/share/vm/classfile/systemDictionary.cpp, line 210]

Events (10 events):
Event: 34.938 loading class com/android/build/gradle/internal/ApplicationTaskManager done
Event: 34.939 loading class com/android/build/gradle/internal/scope/DefaultGradlePackagingScope
Event: 34.939 loading class com/android/build/gradle/internal/scope/DefaultGradlePackagingScope done
Event: 34.941 loading class com/android/build/gradle/tasks/PackageApplication$StandardConfigAction
Event: 34.941 loading class com/android/build/gradle/tasks/PackageApplication$StandardConfigAction done
Event: 34.941 loading class com/android/build/gradle/tasks/PackageAndroidArtifact$ConfigAction
Event: 34.941 loading class com/android/build/gradle/tasks/PackageAndroidArtifact$ConfigAction done
Event: 34.942 loading class com/android/build/gradle/tasks/PackageAndroidArtifact
Event: 34.942 loading class com/android/build/gradle/tasks/PackageAndroidArtifact done
Event: 34.983 Executing VM operation: ParallelGCFailedAllocation


Dynamic libraries:
00400000-00401000 r-xp 00000000 08:01 5639719                            /home/varadhi5/Desktop/android/android-studio/jre/bin/java
00600000-00601000 r--p 00000000 08:01 5639719                            /home/varadhi5/Desktop/android/android-studio/jre/bin/java
00601000-00602000 rw-p 00001000 08:01 5639719                            /home/varadhi5/Desktop/android/android-studio/jre/bin/java
020e6000-02107000 rw-p 00000000 00:00 0                                  [heap]
a0000000-a2e00000 rw-p 00000000 00:00 0 
a2e00000-e0000000 ---p 00000000 00:00 0 
e0000000-e8b00000 rw-p 00000000 00:00 0 
eb400000-100000000 ---p 00000000 00:00 0 
100000000-100780000 rw-p 00000000 00:00 0 
100780000-140000000 ---p 00000000 00:00 0 
7faeb0000000-7faeb0021000 rw-p 00000000 00:00 0 
7faeb0021000-7faeb4000000 ---p 00000000 00:00 0 
7faeb8000000-7faeb8021000 rw-p 00000000 00:00 0 
7faeb8021000-7faebc000000 ---p 00000000 00:00 0 
7faebc000000-7faebc021000 rw-p 00000000 00:00 0 
7faebc021000-7faec0000000 ---p 00000000 00:00 0 
7faec0000000-7faec0021000 rw-p 00000000 00:00 0 
7faec0021000-7faec4000000 ---p 00000000 00:00 0 
7faec4000000-7faec4021000 rw-p 00000000 00:00 0 
7faec4021000-7faec8000000 ---p 00000000 00:00 0 
7faeca710000-7faeca910000 rw-p 00000000 00:00 0 
7faeca910000-7faecab10000 rw-p 00000000 00:00 0 
7faecab10000-7faecab22000 r--s 00345000 08:01 5639566                    /home/varadhi5/Desktop/android/android-studio/jre/jre/lib/resources.jar
7faecab22000-7faecad22000 rw-p 00000000 00:00 0 
7faecad22000-7faecaf22000 rw-p 00000000 00:00 0 
7faecaf22000-7faecaf25000 r--s 00015000 08:01 5639570                    /home/varadhi5/Desktop/android/android-studio/jre/jre/lib/jce.jar
7faecaf25000-7faecb125000 rw-p 00000000 00:00 0 
7faecb125000-7faecb128000 ---p 00000000 00:00 0 
7faecb128000-7faecb426000 rw-p 00000000 00:00 0 
7faecb426000-7faecb626000 rw-p 00000000 00:00 0 
7faecb626000-7faecb826000 rw-p 00000000 00:00 0 
7faecb826000-7faecba1c000 rw-p 00000000 00:00 0 
7faecba1c000-7faecba26000 ---p 00000000 00:00 0 
7faecba26000-7faecba31000 r--s 00081000 08:01 6293228                    /home/varadhi5/.gradle/caches/jars-3/fc6e889a0f45cc9752787eb60f920103/trove4j-20160824.jar
7faecba31000-7faecbab4000 r--s 00758000 08:01 6293226                    /home/varadhi5/.gradle/caches/jars-3/0d3de44a8474017418d71d8887a5e944/intellij-core-26.0.0.jar
7faecbab4000-7faecbaba000 r--s 00033000 08:01 6293224                    /home/varadhi5/.gradle/caches/jars-3/f96c897d327ea500d64fe3af2833bd50/commons-codec-1.6.jar
7faecbaba000-7faecbabc000 r--s 0000d000 08:01 6293222                    /home/varadhi5/.gradle/caches/jars-3/ccc849edcf9fccd61ed937bf93ffe896/commons-logging-1.1.1.jar
7faecbabc000-7faecbac2000 r--s 00032000 08:01 6293220                    /home/varadhi5/.gradle/caches/jars-3/72e344059d1923829968d0d38b0c3c72/httpcore-4.2.5.jar
7faecbac2000-7faecbac3000 r--s 00004000 08:01 6293218                    /home/varadhi5/.gradle/caches/jars-3/3a4299d1ce3e273e7c03a9ccf5a1e333/annotations-12.0.jar
7faecbac3000-7faecbac4000 r--s 00000000 08:01 6293216                    /home/varadhi5/.gradle/caches/jars-3/0e2fbc3b8c56d2975eca90c524790c13/animal-sniffer-annotations-1.14.jar
7faecbac4000-7faecbac6000 r--s 00001000 08:01 6293214                    /home/varadhi5/.gradle/caches/jars-3/ad41f8f3ac67c0323ce9eb1c20c8dc3f/j2objc-annotations-1.1.jar
7faecbac6000-7faecbac7000 r--s 00002000 08:01 6293212                    /home/varadhi5/.gradle/caches/jars-3/9edb0f46b907c34c4718edabde6c791c/error_prone_annotations-2.0.18.jar
7faecbac7000-7faecbaca000 r--s 00006000 08:01 6293210                    /home/varadhi5/.gradle/caches/jars-3/b58a9bc3bbba42132e4abc0bacae8da1/jsr305-1.3.9.jar
7faecbaca000-7faecbacb000 r--s 0000a000 08:01 6293208                    /home/varadhi5/.gradle/caches/jars-3/5b8b36ed61fe92731031cca3c9b3a0b3/kxml2-2.3.0.jar
7faecbacb000-7faecbacd000 r--s 00005000 08:01 6166103                    /home/varadhi5/.gradle/caches/jars-3/f10e1e1978816198f2eb1189c974b440/httpmime-4.1.jar
7faecbacd000-7faecbad7000 r--s 00061000 08:01 6166101                    /home/varadhi5/.gradle/caches/jars-3/bc4b2527f35dc983f759e8f85f3f8d52/httpclient-4.2.6.jar
7faecbad7000-7faecbae0000 r--s 00064000 08:01 6166099                    /home/varadhi5/.gradle/caches/jars-3/fc37c717528c2a0d27f3e3621835f781/commons-compress-1.12.jar
7faecbae0000-7faecbae5000 r--s 0002e000 08:01 6166097                    /home/varadhi5/.gradle/caches/jars-3/c5bcda7f6f4809e9c92270f99e51f154/gson-2.3.jar
7faecbae5000-7faecbaf5000 r--s 000d6000 08:01 6166095                    /home/varadhi5/.gradle/caches/jars-3/dbdb8caed2514263a34702cc763c6785/proguard-base-5.3.3.jar
7faecbaf5000-7faecbaf7000 r--s 00003000 08:01 6166093                    /home/varadhi5/.gradle/caches/jars-3/01ab8600ebbfdcaf9b89b45c2b992e82/annotations-13.0.jar
7faecbaf7000-7faecbaf8000 r--s 00001000 08:01 6166091                    /home/varadhi5/.gradle/caches/jars-3/22d054403841f76f651e28ff81d7e543/annotations-26.0.0.jar
7faecbaf8000-7faecbafb000 r--s 00033000 08:01 6166089                    /home/varadhi5/.gradle/caches/jars-3/0ce03714647bf7bd3c78634c20ddbf38/juniversalchardet-1.0.3.jar
7faecbafb000-7faecbaff000 r--s 0002a000 08:01 6166087                    /home/varadhi5/.gradle/caches/jars-3/9849af6d4b0409ba64061601342f385d/commons-io-2.4.jar
7faecbaff000-7faecbb16000 r--s 00154000 08:01 6166085                    /home/varadhi5/.gradle/caches/jars-3/57adf9abd30c921d4ea1dfdcfe7b9efd/antlr4-4.5.3.jar
7faecbb16000-7faecbb17000 r--s 00003000 08:01 6166083                    /home/varadhi5/.gradle/caches/jars-3/f29c2da6b031c4830fe215ea32cbd1d6/baseLibrary-3.0.0.jar
7faecbb17000-7faecbb47000 r--s 00245000 08:01 6166081                    /home/varadhi5/.gradle/caches/jars-3/8e27cdebb49ba2f804f9403d90aaaac5/guava-22.0.jar
7faecbb47000-7faecbb4f000 r--s 000a8000 08:01 6166079                    /home/varadhi5/.gradle/caches/jars-3/6cc57ce9ec0d90186f781694264d61bc/lombok-ast-0.2.3.jar
7faecbb4f000-7faecbb53000 r--s 0002f000 08:01 6166077                    /home/varadhi5/.gradle/caches/jars-3/505fcc8c47da308b2f1262f0ff3c65f1/jimfs-1.1.jar
7faecbb53000-7faecbb66000 r--s 00241000 08:01 6166075                    /home/varadhi5/.gradle/caches/jars-3/d8dc71eb6d91c966c45f7b594129e14a/ecj-4.6.1.jar
7faecbb66000-7faecbb67000 r--s 00003000 08:01 6166073                    /home/varadhi5/.gradle/caches/jars-3/fdb8f5ebd6a086c4818336712b830716/json-simple-1.1.jar
7faecbb67000-7faecbc8c000 r--s 00f5d000 08:01 6166071                    /home/varadhi5/.gradle/caches/jars-3/dfd566a90e18a0aa75879c33e0731ab8/fastutil-7.2.0.jar
7faecbc8c000-7faecbcd7000 r--s 002ff000 08:01 6166069                    /home/varadhi5/.gradle/caches/jars-3/d3d44e9a7fcb4a86fb40775c385dd3d0/bcprov-jdk15on-1.56.jar
7faecbcd7000-7faecbce8000 r--s 00097000 08:01 6166067                    /home/varadhi5/.gradle/caches/jars-3/59ebb77d99c5ca0e24bb23272e0329dd/bcpkix-jdk15on-1.56.jar
7faecbce8000-7faecbcea000 r--s 00002000 08:01 6166065                    /home/varadhi5/.gradle/caches/jars-3/f268e5e8fc83bb846ac355d6a16b1f30/javawriter-2.5.0.jar
7faecbcea000-7faecbcef000 r--s 0003b000 08:01 6166063                    /home/varadhi5/.gradle/caches/jars-3/e05f9976b96d28fde211735fa5e94d9a/apksig-3.0.0.jar
7faecbcef000-7faecbcf2000 r--s 00024000 08:01 6166061                    /home/varadhi5/.gradle/caches/jars-3/664e7b307d7ea6fbd268ae5e965af33f/common-26.0.0.jar
7faecbcf2000-7faecbcf4000 r--s 00006000 08:01 6166059                    /home/varadhi5/.gradle/caches/jars-3/0406b1b4dc723dfbfe2d3f0701ad05b0/dvlib-26.0.0.jar
7faecbcf4000-7faecbcf7000 r--s 00014000 08:01 6166057                    /home/varadhi5/.gradle/caches/jars-3/3ce077ae1920336ec43b829a7f72ce49/layoutlib-api-26.0.0.jar
7faecbcf7000-7faecbcfc000 r--s 0004d000 08:01 6166055                    /home/varadhi5/.gradle/caches/jars-3/65eb04ad4074b88473a4bd0790ceb5fa/ddmlib-26.0.0.jar
7faecbcfc000-7faecbcfd000 r--s 00003000 08:01 6166053                    /home/varadhi5/.gradle/caches/jars-3/be01663fe004b181af941ac54e7bc4f0/builder-test-api-3.0.0.jar
7faecbcfd000-7faecbd00000 ---p 00000000 00:00 0 
7faecbd00000-7faecbdfe000 rw-p 00000000 00:00 0 
7faecbdfe000-7faecbe01000 ---p 00000000 00:00 0 
7faecbe01000-7faecbeff000 rw-p 00000000 00:00 0 
7faecbeff000-7faecbf02000 ---p 00000000 00:00 0 
7faecbf02000-7faecc000000 rw-p 00000000 00:00 0 
7faecc000000-7faecc021000 rw-p 00000000 00:00 0 
7faecc021000-7faed0000000 ---p 00000000 00:00 0 
7faed0000000-7faed0021000 rw-p 00000000 00:00 0 
7faed0021000-7faed4000000 ---p 00000000 00:00 0 
7faed4000000-7faed4023000 rw-p 00000000 00:00 0 
7faed4023000-7faed8000000 ---p 00000000 00:00 0 
7faed8000000-7faed8021000 rw-p 00000000 00:00 0 
7faed8021000-7faedc000000 ---p 00000000 00:00 0 
7faedc000000-7faedc280000 rw-p 00000000 00:00 0 
7faedc280000-7faee0000000 ---p 00000000 00:00 0 
7faee0000000-7faee0021000 rw-p 00000000 00:00 0 
7faee0021000-7faee4000000 ---p 00000000 00:00 0 
7faee4000000-7faee4021000 rw-p 00000000 00:00 0 
7faee4021000-7faee8000000 ---p 00000000 00:00 0 
7faee8000000-7faee933f000 rw-p 00000000 00:00 0 
7faee933f000-7faeec000000 ---p 00000000 00:00 0 
7faeec000000-7faeec021000 rw-p 00000000 00:00 0 
7faeec021000-7faef0000000 ---p 00000000 00:00 0 
7faef0000000-7faef002c000 rw-p 00000000 00:00 0 
7faef002c000-7faef4000000 ---p 00000000 00:00 0 
7faef4000000-7faef4078000 rw-p 00000000 00:00 0 
7faef4078000-7faef8000000 ---p 00000000 00:00 0 
7faef8000000-7faef8021000 rw-p 00000000 00:00 0 
7faef8021000-7faefc000000 ---p 00000000 00:00 0 
7faefc000000-7faefc021000 rw-p 00000000 00:00 0 
7faefc021000-7faf00000000 ---p 00000000 00:00 0 
7faf00000000-7faf00021000 rw-p 00000000 00:00 0 
7faf00021000-7faf04000000 ---p 00000000 00:00 0 
7faf04000000-7faf06024000 rw-p 00000000 00:00 0 
7faf06024000-7faf08000000 ---p 00000000 00:00 0 
7faf08000000-7faf085f0000 rw-p 00000000 00:00 0 
7faf085f0000-7faf0c000000 ---p 00000000 00:00 0 
7faf0c000000-7faf0c021000 rw-p 00000000 00:00 0 
7faf0c021000-7faf10000000 ---p 00000000 00:00 0 
7faf10000000-7faf11b15000 rw-p 00000000 00:00 0 
7faf11b15000-7faf14000000 ---p 00000000 00:00 0 
7faf14000000-7faf14021000 rw-p 00000000 00:00 0 
7faf14021000-7faf18000000 ---p 00000000 00:00 0 
7faf18000000-7faf18021000 rw-p 00000000 00:00 0 
7faf18021000-7faf1c000000 ---p 00000000 00:00 0 
7faf1c000000-7faf1c031000 rw-p 00000000 00:00 0 
7faf1c031000-7faf20000000 ---p 00000000 00:00 0 
7faf20000000-7faf2027f000 rw-p 00000000 00:00 0 
7faf2027f000-7faf24000000 ---p 00000000 00:00 0 
7faf24000000-7faf24029000 rw-p 00000000 00:00 0 
7faf24029000-7faf28000000 ---p 00000000 00:00 0 
7faf28000000-7faf28003000 r--s 00007000 08:01 6166051                    /home/varadhi5/.gradle/caches/jars-3/38f9351bf06ef722e62746fe5560ea34/builder-model-3.0.0.jar
7faf28003000-7faf28012000 r--s 00130000 08:01 6034440                    /home/varadhi5/.gradle/caches/jars-3/72ba1443c6adcea1f6ba21e12f0bb0fc/protobuf-java-3.0.0.jar
7faf28012000-7faf28025000 r--s 001a8000 08:01 6034438                    /home/varadhi5/.gradle/caches/jars-3/2265108d6f8c35991db49bb36a4f9855/protos-26.0.0.jar
7faf28025000-7faf28026000 r--s 00005000 08:01 6034436                    /home/varadhi5/.gradle/caches/jars-3/d41f18504bb9fe2aad8342cc4d177c72/shared-26.0.0.jar
7faf28026000-7faf28028000 r--s 00004000 08:01 6034434                    /home/varadhi5/.gradle/caches/jars-3/6d32eb0515d6f097cfbdc2a4d0a68216/tracker-26.0.0.jar
7faf28028000-7faf2802a000 r--s 00002000 08:01 6034432                    /home/varadhi5/.gradle/caches/jars-3/e91624d2ed1c3b55eec9fd768ed13c1d/proguard-gradle-5.3.3.jar
7faf2802a000-7faf2802c000 r--s 0000f000 08:01 6034430                    /home/varadhi5/.gradle/caches/jars-3/96760c32d36a5d7066e3ccf088bfd362/jopt-simple-4.9.jar
7faf2802c000-7faf28030000 r--s 0001e000 08:01 6034428                    /home/varadhi5/.gradle/caches/jars-3/0d3e95aba631209a078aeec58a76633d/org.jacoco.core-0.7.4.201502262128.jar
7faf28030000-7faf28033000 r--s 00020000 08:01 6034426                    /home/varadhi5/.gradle/caches/jars-3/c72fc284d34f39eab57a4e3ba83405e9/org.jacoco.report-0.7.4.201502262128.jar
7faf28033000-7faf28035000 r--s 0000c000 08:01 6034424                    /home/varadhi5/.gradle/caches/jars-3/9b0a36633c92c6e87e62c81734593183/asm-5.1.jar
7faf28035000-7faf28037000 r--s 00006000 08:01 6034422                    /home/varadhi5/.gradle/caches/jars-3/50c8a7da333c41693b2b7ce95b6d9d89/asm-tree-5.1.jar
7faf28037000-7faf28038000 r--s 0000a000 08:01 6034420                    /home/varadhi5/.gradle/caches/jars-3/c4f1f1d5a624f981d35a78d181e2c418/asm-util-5.1.jar
7faf28038000-7faf2803a000 r--s 0000a000 08:01 6034418                    /home/varadhi5/.gradle/caches/jars-3/d37aa405961c464c627b1efe5def81b8/asm-commons-5.1.jar
7faf2803a000-7faf2803b000 r--s 00004000 08:01 6034416                    /home/varadhi5/.gradle/caches/jars-3/2b2689d10a4425b1cb2d0654db2ea088/asm-analysis-5.1.jar
7faf2803b000-7faf2804a000 r--s 000c8000 08:01 6034412                    /home/varadhi5/.gradle/caches/jars-3/af931fae44e009148423077fa09abbd1/kotlin-stdlib-1.1.3-2.jar
7faf2804a000-7faf2807c000 r--s 0021b000 08:01 6034410                    /home/varadhi5/.gradle/caches/jars-3/24b2127528a18b338af82ff7ea236d45/kotlin-reflect-1.1.3-2.jar
7faf2807c000-7faf28082000 r--s 00030000 08:01 6034408                    /home/varadhi5/.gradle/caches/jars-3/ed1566eb5e13985bd2441d4d9fb001bc/repository-26.0.0.jar
7faf28082000-7faf2808d000 r--s 0009b000 08:01 6034406                    /home/varadhi5/.gradle/caches/jars-3/010a8562e37fa93874e94473b7b1b739/sdklib-26.0.0.jar
7faf2808d000-7faf2809c000 r--s 000da000 08:01 6034404                    /home/varadhi5/.gradle/caches/jars-3/855bd024c9103048d08cf3d6b4ccafaf/sdk-common-26.0.0.jar
7faf2809c000-7faf280ab000 r--s 000cb000 08:01 6034396                    /home/varadhi5/.gradle/caches/jars-3/f5905f482fd3ae4156449764362d5347/uast-26.0.0.jar
7faf280ab000-7faf280db000 r--s 01983000 08:01 6034388                    /home/varadhi5/.gradle/caches/jars-3/9d8abc21f07cf6634ed8d5a72c47a95f/builder-3.0.0.jar
7faf280db000-7faf280fe000 r--s 0020b000 08:01 5903583                    /home/varadhi5/.gradle/caches/jars-3/6580be06fa7f5eae6309ca3ad3a20624/gradle-core-3.0.0.jar
7faf280fe000-7faf28101000 ---p 00000000 00:00 0 
7faf28101000-7faf283ff000 rw-p 00000000 00:00 0 
7faf283ff000-7faf285ff000 rw-p 00000000 00:00 0 
7faf285ff000-7faf287ff000 rw-p 00000000 00:00 0 
7faf287ff000-7faf289ff000 rw-p 00000000 00:00 0 
7faf289ff000-7faf28bff000 rw-p 00000000 00:00 0 
7faf28bff000-7faf28dff000 rw-p 00000000 00:00 0 
7faf28dff000-7faf28fff000 rw-p 00000000 00:00 0 
7faf28fff000-7faf2c000000 rw-p 00000000 00:00 0 
7faf2c000000-7faf2c021000 rw-p 00000000 00:00 0 
7faf2c021000-7faf30000000 ---p 00000000 00:00 0 
7faf30000000-7faf30001000 r--s 00000000 08:01 6034414                    /home/varadhi5/.gradle/caches/jars-3/5206138fb8a6b2ffbd31e140916c2100/transform-api-2.0.0-deprecated-use-gradle-api.jar
7faf30001000-7faf30005000 r--s 00023000 08:01 6034402                    /home/varadhi5/.gradle/caches/jars-3/901a1ffe8b1c867d10bb96d1ffa22bf8/manifest-merger-26.0.0.jar
7faf30005000-7faf30009000 r--s 0002e000 08:01 6034400                    /home/varadhi5/.gradle/caches/jars-3/7844948b119640730aae7d1024fe376e/compilerCommon-3.0.0.jar
7faf30009000-7faf3000b000 r--s 00003000 08:01 6034398                    /home/varadhi5/.gradle/caches/jars-3/93282345f8a1cdba41f206997292df6a/gradle-api-3.0.0.jar
7faf3000b000-7faf30012000 r--s 0007f000 08:01 6034394                    /home/varadhi5/.gradle/caches/jars-3/96f25077deeaace8d84ee1787aad54fd/lint-api-26.0.0.jar
7faf30012000-7faf3001b000 r--s 000ff000 08:01 6034392                    /home/varadhi5/.gradle/caches/jars-3/f0348591fd8e5cf1f09289c2cddb6498/lint-checks-26.0.0.jar
7faf3001b000-7faf3001e000 r--s 00039000 08:01 6034390                    /home/varadhi5/.gradle/caches/jars-3/6acf45ba7bd0fd34186c06e50fa1a773/lint-26.0.0.jar
7faf3001e000-7faf30020000 r--s 00007000 08:01 8794576                    /home/varadhi5/.gradle/caches/modules-2/files-2.1/com.google.gms/google-services/3.1.0/166ae4e6acd03b7bbebe221ffa54bc039fece1b9/google-services-3.1.0.jar
7faf30020000-7faf30022000 r--s 0000f000 08:01 5903581                    /home/varadhi5/.gradle/caches/jars-3/119369196b5bc94e9595652e20112cf5/gradle-3.0.0.jar
7faf30022000-7faf30027000 r--s 00034000 08:01 5774793                    /home/varadhi5/.gradle/caches/jars-3/d447f2396a03dbc75b6d52fec5a488d6/gson-2.5.jar
7faf30027000-7faf30035000 r--s 000ca000 08:01 5774791                    /home/varadhi5/.gradle/caches/jars-3/e0bd0005080c5c7e72a2b279cbd60369/kotlin-runtime.jar
7faf30035000-7faf3003b000 r--s 0008b000 08:01 5774789                    /home/varadhi5/.gradle/caches/jars-3/f0a02bd4a7e9a58968cad5d82da8cec1/gradle-tooling-extension-impl.jar
7faf3003b000-7faf300ab000 r--s 00643000 08:01 5774787                    /home/varadhi5/.gradle/caches/jars-3/fd607a71f3d781451515f815d21ecd8e/groovy-all-2.4.6.jar
7faf300ab000-7faf300ae000 ---p 00000000 00:00 0 
7faf300ae000-7faf301ac000 rw-p 00000000 00:00 0 
7faf301ac000-7faf301ae000 r--s 0000e000 08:01 5640494                    /home/varadhi5/.gradle/caches/jars-3/749fa8fddbb60dbf5a9683c6d3a8f3e9/android-extensions-ide.jar
7faf301ae000-7faf301af000 r--s 00000000 08:01 5640492                    /home/varadhi5/.gradle/caches/jars-3/be363fcec6fce25e79fe7d68a2750e91/gradle-appengine-builder-model-0.1.0.jar
7faf301af000-7faf301ce000 r--s 0053d000 08:01 5640490                    /home/varadhi5/.gradle/caches/jars-3/c0b8fca5eb942592236928195650a892/sdk-tools.jar
7faf301ce000-7faf301cf000 r--s 00003000 08:01 5640488                    /home/varadhi5/.gradle/caches/jars-3/2405bbfe967ae4d56a908337251d2f0e/kotlin-gradle-tooling.jar
7faf301cf000-7faf301d0000 r--s 00002000 08:01 5640486                    /home/varadhi5/.gradle/caches/jars-3/99e644a4297156f8ad22d730b4e69696/external-system-rt.jar
7faf301d0000-7faf301d2000 r--s 0000c000 08:01 5640484                    /home/varadhi5/.gradle/caches/jars-3/873f9ca490439c486fe23eb90064327f/gradle-tooling-extension-api.jar
7faf301d2000-7faf301d9000 r--s 0002a000 08:01 5640482                    /home/varadhi5/.gradle/caches/jars-3/fff47aec37b967e571b648d1fc9c6db6/gradle-messaging-3.5.jar
7faf301d9000-7faf301de000 r--s 00041000 08:01 5640480                    /home/varadhi5/.gradle/caches/jars-3/c0502f5c2cf6dfd52d250e1b7d027d24/commons-lang-2.6.jar
7faf301de000-7faf30220000 r--s 00220000 08:01 5640478                    /home/varadhi5/.gradle/caches/jars-3/929747bc6b973b44297e9c57df71598d/gradle-core-3.5.jar
7faf30220000-7faf30229000 r--s 00047000 08:01 5640476                    /home/varadhi5/.gradle/caches/jars-3/11d06a5dce89fe5632250b7df00a3d57/gradle-base-services-3.5.jar
7faf30229000-7faf30251000 r--s 001cf000 08:01 5640474                    /home/varadhi5/.gradle/caches/jars-3/566e7e0f530f75a42eba4833ef84d88c/guava-jdk5-17.0.jar
7faf30251000-7faf3025f000 r--s 00043000 08:01 5640472                    /home/varadhi5/.gradle/caches/jars-3/c0d1da18a547ef3a2ba66d3068ae6e09/gradle-tooling-api-3.5.jar
7faf3025f000-7faf302d8000 r--s 010fd000 08:01 5639551                    /home/varadhi5/Desktop/android/android-studio/jre/lib/tools.jar
7faf302d8000-7faf302db000 ---p 00000000 00:00 0 
7faf302db000-7faf305d9000 rw-p 00000000 00:00 0 
7faf305d9000-7faf305dc000 ---p 00000000 00:00 0 
7faf305dc000-7faf306da000 rw-p 00000000 00:00 0 
7faf306da000-7faf306dd000 ---p 00000000 00:00 0 
7faf306dd000-7faf309db000 rw-p 00000000 00:00 0 
7faf309db000-7faf309de000 ---p 00000000 00:00 0 
7faf309de000-7faf30adc000 rw-p 00000000 00:00 0 
7faf30adc000-7faf30adf000 ---p 00000000 00:00 0 
7faf30adf000-7faf30bdd000 rw-p 00000000 00:00 0 
7faf30bdd000-7faf30be0000 ---p 00000000 00:00 0 
7faf30be0000-7faf30cde000 rw-p 00000000 00:00 0 
7faf30cde000-7faf30ce1000 ---p 00000000 00:00 0 
7faf30ce1000-7faf30ddf000 rw-p 00000000 00:00 0 
7faf30ddf000-7faf30de2000 ---p 00000000 00:00 0 
7faf30de2000-7faf30ee0000 rw-p 00000000 00:00 0 
7faf30ee0000-7faf30ee3000 ---p 00000000 00:00 0 
7faf30ee3000-7faf30fe1000 rw-p 00000000 00:00 0 
7faf30fe1000-7faf30fe4000 ---p 00000000 00:00 0 
7faf30fe4000-7faf310e2000 rw-p 00000000 00:00 0 
7faf310e2000-7faf310e9000 r--s 00000000 08:01 1838176                    /usr/lib/x86_64-linux-gnu/gconv/gconv-modules.cache
7faf310e9000-7faf310ec000 ---p 00000000 00:00 0 
7faf310ec000-7faf311ea000 rw-p 00000000 00:00 0 
7faf311ea000-7faf311ef000 r--s 0009a000 08:01 5639589                    /home/varadhi5/Desktop/android/android-studio/jre/jre/lib/jsse.jar
7faf311ef000-7faf313ef000 rw-p 00000000 00:00 0 
7faf313ef000-7faf313f8000 r-xp 00000000 08:01 5639667                    /home/varadhi5/Desktop/android/android-studio/jre/jre/lib/amd64/libmanagement.so
7faf313f8000-7faf315f7000 ---p 00009000 08:01 5639667                    /home/varadhi5/Desktop/android/android-studio/jre/jre/lib/amd64/libmanagement.so
7faf315f7000-7faf315f8000 r--p 00008000 08:01 5639667                    /home/varadhi5/Desktop/android/android-studio/jre/jre/lib/amd64/libmanagement.so
7faf315f8000-7faf315f9000 rw-p 00009000 08:01 5639667                    /home/varadhi5/Desktop/android/android-studio/jre/jre/lib/amd64/libmanagement.so
7faf315f9000-7faf315fb000 r--s 00007000 08:01 5774097                    /home/varadhi5/.gradle/wrapper/dists/gradle-4.1-all/bzyivzo6n839fup2jbap0tjew/gradle-4.1/lib/plugins/gradle-tooling-api-builders-4.1.jar
7faf315fb000-7faf315fe000 r--s 00009000 08:01 5774107                    /home/varadhi5/.gradle/wrapper/dists/gradle-4.1-all/bzyivzo6n839fup2jbap0tjew/gradle-4.1/lib/plugins/gradle-testing-native-4.1.jar
7faf315fe000-7faf31600000 r--s 00009000 08:01 5774180                    /home/varadhi5/.gradle/wrapper/dists/gradle-4.1-all/bzyivzo6n839fup2jbap0tjew/gradle-4.1/lib/plugins/hamcrest-core-1.3.jar
7faf31600000-7faf31605000 r--s 00040000 08:01 5774175                    /home/varadhi5/.gradle/wrapper/dists/gradle-4.1-all/bzyivzo6n839fup2jbap0tjew/gradle-4.1/lib/plugins/bsh-2.0b4.jar
7faf31605000-7faf31607000 r--s 00006000 08:01 5774176                    /home/varadhi5/.gradle/wrapper/dists/gradle-4.1-all/bzyivzo6n839fup2jbap0tjew/gradle-4.1/lib/plugins/jcommander-1.12.jar
7faf31607000-7faf3160d000 r--s 00033000 08:01 5774177                    /home/varadhi5/.gradle/wrapper/dists/gradle-4.1-all/bzyivzo6n839fup2jbap0tjew/gradle-4.1/lib/plugins/snakeyaml-1.6.jar
7faf3160d000-7faf31616000 r--s 00089000 08:01 5774135                    /home/varadhi5/.gradle/wrapper/dists/gradle-4.1-all/bzyivzo6n839fup2jbap0tjew/gradle-4.1/lib/plugins/testng-6.3.1.jar
7faf31616000-7faf3161e000 r--s 00045000 08:01 5774136                    /home/varadhi5/.gradle/wrapper/dists/gradle-4.1-all/bzyivzo6n839fup2jbap0tjew/gradle-4.1/lib/plugins/junit-4.12.jar
7faf3161e000-7faf31624000 r--s 0002e000 08:01 5774103                    /home/varadhi5/.gradle/wrapper/dists/gradle-4.1-all/bzyivzo6n839fup2jbap0tjew/gradle-4.1/lib/plugins/gradle-testing-jvm-4.1.jar
7faf31624000-7faf31628000 r--s 00017000 08:01 5774111                    /home/varadhi5/.gradle/wrapper/dists/gradle-4.1-all/bzyivzo6n839fup2jbap0tjew/gradle-4.1/lib/plugins/gradle-testing-base-4.1.jar
7faf31628000-7faf3162f000 r--s 00038000 08:01 5774131                    /home/varadhi5/.gradle/wrapper/dists/gradle-4.1-all/bzyivzo6n839fup2jbap0tjew/gradle-4.1/lib/plugins/bcpg-jdk15on-1.51.jar
7faf3162f000-7faf31631000 r--s 0000c000 08:01 5774082                    /home/varadhi5/.gradle/wrapper/dists/gradle-4.1-all/bzyivzo6n839fup2jbap0tjew/gradle-4.1/lib/plugins/gradle-signing-4.1.jar
7faf31631000-7faf31633000 r--s 00007000 08:01 5774088                    /home/varadhi5/.gradle/wrapper/dists/gradle-4.1-all/bzyivzo6n839fup2jbap0tjew/gradle-4.1/lib/plugins/gradle-scala-4.1.jar
7faf31633000-7faf31634000 r--s 00004000 08:01 5774119                    /home/varadhi5/.gradle/wrapper/dists/gradle-4.1-all/bzyivzo6n839fup2jbap0tjew/gradle-4.1/lib/plugins/gradle-resources-sftp-4.1.jar
7faf31634000-7faf31644000 r--s 00088000 08:01 5774148                    /home/varadhi5/.gradle/wrapper/dists/gradle-4.1-all/bzyivzo6n839fup2jbap0tjew/gradle-4.1/lib/plugins/joda-time-2.8.2.jar
7faf31644000-7faf31655000 r--s 0010d000 08:01 5774147                    /home/varadhi5/.gradle/wrapper/dists/gradle-4.1-all/bzyivzo6n839fup2jbap0tjew/gradle-4.1/lib/plugins/jackson-databind-2.6.6.jar
7faf31655000-7faf31658000 r--s 00009000 08:01 5774146                    /home/varadhi5/.gradle/wrapper/dists/gradle-4.1-all/bzyivzo6n839fup2jbap0tjew/gradle-4.1/lib/plugins/jackson-annotations-2.6.6.jar
7faf31658000-7faf3165c000 r--s 0003c000 08:01 5774145                    /home/varadhi5/.gradle/wrapper/dists/gradle-4.1-all/bzyivzo6n839fup2jbap0tjew/gradle-4.1/lib/plugins/jackson-core-2.6.6.jar
7faf3165c000-7faf3166a000 r--s 00087000 08:01 5774144                    /home/varadhi5/.gradle/wrapper/dists/gradle-4.1-all/bzyivzo6n839fup2jbap0tjew/gradle-4.1/lib/plugins/aws-java-sdk-core-1.11.6.jar
7faf3166a000-7faf31671000 r--s 00057000 08:01 5774143                    /home/varadhi5/.gradle/wrapper/dists/gradle-4.1-all/bzyivzo6n839fup2jbap0tjew/gradle-4.1/lib/plugins/aws-java-sdk-kms-1.11.6.jar
7faf31671000-7faf3167e000 r--s 0008e000 08:01 5774142                    /home/varadhi5/.gradle/wrapper/dists/gradle-4.1-all/bzyivzo6n839fup2jbap0tjew/gradle-4.1/lib/plugins/aws-java-sdk-s3-1.11.6.jar
7faf3167e000-7faf31680000 r--s 00004000 08:01 5774116                    /home/varadhi5/.gradle/wrapper/dists/gradle-4.1-all/bzyivzo6n839fup2jbap0tjew/gradle-4.1/lib/plugins/gradle-resources-s3-4.1.jar
7faf31680000-7faf31682000 r--s 00010000 08:01 5774112                    /home/varadhi5/.gradle/wrapper/dists/gradle-4.1-all/bzyivzo6n839fup2jbap0tjew/gradle-4.1/lib/plugins/gradle-reporting-4.1.jar
7faf31682000-7faf31684000 r--s 00002000 08:01 5774113                    /home/varadhi5/.gradle/wrapper/dists/gradle-4.1-all/bzyivzo6n839fup2jbap0tjew/gradle-4.1/lib/plugins/gradle-publish-4.1.jar
7faf31684000-7faf31686000 r--s 00009000 08:01 5774124                    /home/varadhi5/.gradle/wrapper/dists/gradle-4.1-all/bzyivzo6n839fup2jbap0tjew/gradle-4.1/lib/plugins/commons-cli-1.2.jar
7faf31686000-7faf3168c000 r--s 00036000 08:01 5774096                    /home/varadhi5/.gradle/wrapper/dists/gradle-4.1-all/bzyivzo6n839fup2jbap0tjew/gradle-4.1/lib/plugins/gradle-plugins-4.1.jar
7faf3168c000-7faf3168e000 r--s 00009000 08:01 5774083                    /home/varadhi5/.gradle/wrapper/dists/gradle-4.1-all/bzyivzo6n839fup2jbap0tjew/gradle-4.1/lib/plugins/gradle-plugin-development-4.1.jar
7faf3168e000-7faf31694000 r--s 0002b000 08:01 5774091                    /home/varadhi5/.gradle/wrapper/dists/gradle-4.1-all/bzyivzo6n839fup2jbap0tjew/gradle-4.1/lib/plugins/gradle-platform-play-4.1.jar
7faf31694000-7faf316a3000 r--s 0005b000 08:01 5774109                    /home/varadhi5/.gradle/wrapper/dists/gradle-4.1-all/bzyivzo6n839fup2jbap0tjew/gradle-4.1/lib/plugins/gradle-platform-native-4.1.jar
7faf316a3000-7faf316a7000 r--s 0001b000 08:01 5774106                    /home/varadhi5/.gradle/wrapper/dists/gradle-4.1-all/bzyivzo6n839fup2jbap0tjew/gradle-4.1/lib/plugins/gradle-platform-jvm-4.1.jar
7faf316a7000-7faf316af000 r--s 00027000 08:01 5774114                    /home/varadhi5/.gradle/wrapper/dists/gradle-4.1-all/bzyivzo6n839fup2jbap0tjew/gradle-4.1/lib/plugins/gradle-platform-base-4.1.jar
7faf316af000-7faf316d7000 r--s 0021c000 08:01 5774125                    /home/varadhi5/.gradle/wrapper/dists/gradle-4.1-all/bzyivzo6n839fup2jbap0tjew/gradle-4.1/lib/plugins/biz.aQute.bndlib-3.2.0.jar
7faf316d7000-7faf316d8000 r--s 00004000 08:01 5774081                    /home/varadhi5/.gradle/wrapper/dists/gradle-4.1-all/bzyivzo6n839fup2jbap0tjew/gradle-4.1/lib/plugins/gradle-osgi-4.1.jar
7faf316d8000-7faf316db000 r--s 0000c000 08:01 5774128                    /home/varadhi5/.gradle/wrapper/dists/gradle-4.1-all/bzyivzo6n839fup2jbap0tjew/gradle-4.1/lib/plugins/pmaven-groovy-0.8-20100325.jar
7faf316db000-7faf316dc000 r--s 00004000 08:01 5774127                    /home/varadhi5/.gradle/wrapper/dists/gradle-4.1-all/bzyivzo6n839fup2jbap0tjew/gradle-4.1/lib/plugins/pmaven-common-0.8-20100325.jar
7faf316dc000-7faf316e2000 r--s 00023000 08:01 5774084                    /home/varadhi5/.gradle/wrapper/dists/gradle-4.1-all/bzyivzo6n839fup2jbap0tjew/gradle-4.1/lib/plugins/gradle-maven-4.1.jar
7faf316e2000-7faf316e5000 r--s 0000b000 08:01 5774102                    /home/varadhi5/.gradle/wrapper/dists/gradle-4.1-all/bzyivzo6n839fup2jbap0tjew/gradle-4.1/lib/plugins/gradle-language-scala-4.1.jar
7faf316e5000-7faf316ec000 r--s 00020000 08:01 5774108                    /home/varadhi5/.gradle/wrapper/dists/gradle-4.1-all/bzyivzo6n839fup2jbap0tjew/gradle-4.1/lib/plugins/gradle-language-native-4.1.jar
7faf316ec000-7faf316ee000 r--s 00005000 08:01 5774105                    /home/varadhi5/.gradle/wrapper/dists/gradle-4.1-all/bzyivzo6n839fup2jbap0tjew/gradle-4.1/lib/plugins/gradle-language-jvm-4.1.jar
7faf316ee000-7faf316f5000 r--s 0002f000 08:01 5774104                    /home/varadhi5/.gradle/wrapper/dists/gradle-4.1-all/bzyivzo6n839fup2jbap0tjew/gradle-4.1/lib/plugins/gradle-language-java-4.1.jar
7faf316f5000-7faf316f8000 r--s 0000a000 08:01 5774101                    /home/varadhi5/.gradle/wrapper/dists/gradle-4.1-all/bzyivzo6n839fup2jbap0tjew/gradle-4.1/lib/plugins/gradle-language-groovy-4.1.jar
7faf316f8000-7faf316ff000 r--s 00035000 08:01 5774134                    /home/varadhi5/.gradle/wrapper/dists/gradle-4.1-all/bzyivzo6n839fup2jbap0tjew/gradle-4.1/lib/plugins/simple-4.1.21.jar
7faf316ff000-7faf3170b000 r--s 00100000 08:01 5774132                    /home/varadhi5/.gradle/wrapper/dists/gradle-4.1-all/bzyivzo6n839fup2jbap0tjew/gradle-4.1/lib/plugins/rhino-1.7R3.jar
7faf3170b000-7faf3170f000 r--s 00012000 08:01 5774092                    /home/varadhi5/.gradle/wrapper/dists/gradle-4.1-all/bzyivzo6n839fup2jbap0tjew/gradle-4.1/lib/plugins/gradle-javascript-4.1.jar
7faf3170f000-7faf31712000 r--s 00011000 08:01 5774094                    /home/varadhi5/.gradle/wrapper/dists/gradle-4.1-all/bzyivzo6n839fup2jbap0tjew/gradle-4.1/lib/plugins/gradle-jacoco-4.1.jar
7faf31712000-7faf31715000 r--s 0000e000 08:01 5774093                    /home/varadhi5/.gradle/wrapper/dists/gradle-4.1-all/bzyivzo6n839fup2jbap0tjew/gradle-4.1/lib/plugins/gradle-ivy-4.1.jar
7faf31715000-7faf31716000 r--s 00002000 08:01 5774085                    /home/varadhi5/.gradle/wrapper/dists/gradle-4.1-all/bzyivzo6n839fup2jbap0tjew/gradle-4.1/lib/plugins/gradle-ide-play-4.1.jar
7faf31716000-7faf31719000 r--s 00013000 08:01 5774086                    /home/varadhi5/.gradle/wrapper/dists/gradle-4.1-all/bzyivzo6n839fup2jbap0tjew/gradle-4.1/lib/plugins/gradle-ide-native-4.1.jar
7faf31719000-7faf31723000 r--s 00054000 08:01 5774087                    /home/varadhi5/.gradle/wrapper/dists/gradle-4.1-all/bzyivzo6n839fup2jbap0tjew/gradle-4.1/lib/plugins/gradle-ide-4.1.jar
7faf31723000-7faf31725000 r--s 00007000 08:01 5774090                    /home/varadhi5/.gradle/wrapper/dists/gradle-4.1-all/bzyivzo6n839fup2jbap0tjew/gradle-4.1/lib/plugins/gradle-ear-4.1.jar
7faf31725000-7faf31727000 r--s 00005000 08:01 5774122                    /home/varadhi5/.gradle/wrapper/dists/gradle-4.1-all/bzyivzo6n839fup2jbap0tjew/gradle-4.1/lib/plugins/jatl-0.2.2.jar
7faf31727000-7faf3172e000 r--s 00038000 08:01 5774110                    /home/varadhi5/.gradle/wrapper/dists/gradle-4.1-all/bzyivzo6n839fup2jbap0tjew/gradle-4.1/lib/plugins/gradle-diagnostics-4.1.jar
7faf3172e000-7faf31730000 r--s 0000b000 08:01 5774099                    /home/varadhi5/.gradle/wrapper/dists/gradle-4.1-all/bzyivzo6n839fup2jbap0tjew/gradle-4.1/lib/plugins/gradle-composite-builds-4.1.jar
7faf31730000-7faf31735000 r--s 00025000 08:01 5774079                    /home/varadhi5/.gradle/wrapper/dists/gradle-4.1-all/bzyivzo6n839fup2jbap0tjew/gradle-4.1/lib/plugins/gradle-code-quality-4.1.jar
7faf31735000-7faf3173a000 r--s 00022000 08:01 5774095                    /home/varadhi5/.gradle/wrapper/dists/gradle-4.1-all/bzyivzo6n839fup2jbap0tjew/gradle-4.1/lib/plugins/gradle-build-init-4.1.jar
7faf3173a000-7faf31740000 r--s 0008e000 08:01 5774089                    /home/varadhi5/.gradle/wrapper/dists/gradle-4.1-all/bzyivzo6n839fup2jbap0tjew/gradle-4.1/lib/plugins/gradle-build-comparison-4.1.jar
7faf31740000-7faf31741000 r--s 00002000 08:01 5774117                    /home/varadhi5/.gradle/wrapper/dists/gradle-4.1-all/bzyivzo6n839fup2jbap0tjew/gradle-4.1/lib/plugins/gradle-build-cache-http-4.1.jar
7faf31741000-7faf31743000 r--s 00008000 08:01 5774080                    /home/varadhi5/.gradle/wrapper/dists/gradle-4.1-all/bzyivzo6n839fup2jbap0tjew/gradle-4.1/lib/plugins/gradle-antlr-4.1.jar
7faf31743000-7faf31745000 r--s 00004000 08:01 5774100                    /home/varadhi5/.gradle/wrapper/dists/gradle-4.1-all/bzyivzo6n839fup2jbap0tjew/gradle-4.1/lib/plugins/gradle-announce-4.1.jar
7faf31745000-7faf31747000 r--s 00008000 08:01 5774020                    /home/varadhi5/.gradle/wrapper/dists/gradle-4.1-all/bzyivzo6n839fup2jbap0tjew/gradle-4.1/lib/gradle-kotlin-dsl-tooling-builders-0.10.3.jar
7faf31747000-7faf3174a000 r--s 0001c000 08:01 5774138                    /home/varadhi5/.gradle/wrapper/dists/gradle-4.1-all/bzyivzo6n839fup2jbap0tjew/gradle-4.1/lib/plugins/nekohtml-1.9.14.jar
7faf3174a000-7faf31752000 r--s 00028000 08:01 5774179                    /home/varadhi5/.gradle/wrapper/dists/gradle-4.1-all/bzyivzo6n839fup2jbap0tjew/gradle-4.1/lib/plugins/xml-apis-1.3.04.jar
7faf31752000-7faf3176a000 r--s 00115000 08:01 5774139                    /home/varadhi5/.gradle/wrapper/dists/gradle-4.1-all/bzyivzo6n839fup2jbap0tjew/gradle-4.1/lib/plugins/xercesImpl-2.9.1.jar
7faf3176a000-7faf31770000 r--s 0005b000 08:01 5774137                    /home/varadhi5/.gradle/wrapper/dists/gradle-4.1-all/bzyivzo6n839fup2jbap0tjew/gradle-4.1/lib/plugins/jcifs-1.3.17.jar
7faf31770000-7faf31777000 r--s 00049000 08:01 5774178                    /home/varadhi5/.gradle/wrapper/dists/gradle-4.1-all/bzyivzo6n839fup2jbap0tjew/gradle-4.1/lib/plugins/httpcore-4.4.4.jar
7faf31777000-7faf3177d000 r--s 00033000 08:01 5774130                    /home/varadhi5/.gradle/wrapper/dists/gradle-4.1-all/bzyivzo6n839fup2jbap0tjew/gradle-4.1/lib/plugins/commons-codec-1.6.jar
7faf3177d000-7faf3178a000 r--s 000a4000 08:01 5774123                    /home/varadhi5/.gradle/wrapper/dists/gradle-4.1-all/bzyivzo6n839fup2jbap0tjew/gradle-4.1/lib/plugins/httpclient-4.4.1.jar
7faf3178a000-7faf3178c000 r--s 0000b000 08:01 5774118                    /home/varadhi5/.gradle/wrapper/dists/gradle-4.1-all/bzyivzo6n839fup2jbap0tjew/gradle-4.1/lib/plugins/gradle-resources-http-4.1.jar
7faf3178c000-7faf31790000 r--s 00017000 08:01 5774115                    /home/varadhi5/.gradle/wrapper/dists/gradle-4.1-all/bzyivzo6n839fup2jbap0tjew/gradle-4.1/lib/plugins/gradle-plugin-use-4.1.jar
7faf31790000-7faf31791000 r--s 00000000 08:01 5774026                    /home/varadhi5/.gradle/wrapper/dists/gradle-4.1-all/bzyivzo6n839fup2jbap0tjew/gradle-4.1/lib/gradle-runtime-api-info-4.1.jar
7faf31791000-7faf31792000 r--s 00000000 08:01 5774029                    /home/varadhi5/.gradle/wrapper/dists/gradle-4.1-all/bzyivzo6n839fup2jbap0tjew/gradle-4.1/lib/gradle-installation-beacon-4.1.jar
7faf31792000-7faf317d2000 r--s 00277000 08:01 5774150                    /home/varadhi5/.gradle/wrapper/dists/gradle-4.1-all/bzyivzo6n839fup2jbap0tjew/gradle-4.1/lib/plugins/bcprov-jdk15on-1.51.jar
7faf317d2000-7faf317d6000 r--s 0001d000 08:01 5774149                    /home/varadhi5/.gradle/wrapper/dists/gradle-4.1-all/bzyivzo6n839fup2jbap0tjew/gradle-4.1/lib/plugins/xbean-reflect-3.4.jar
7faf317d6000-7faf317d8000 r--s 0000a000 08:01 5774151                    /home/varadhi5/.gradle/wrapper/dists/gradle-4.1-all/bzyivzo6n839fup2jbap0tjew/gradle-4.1/lib/plugins/maven-settings-3.0.4.jar
7faf317d8000-7faf317db000 r--s 00008000 08:01 5774152                    /home/varadhi5/.gradle/wrapper/dists/gradle-4.1-all/bzyivzo6n839fup2jbap0tjew/gradle-4.1/lib/plugins/maven-settings-builder-3.0.4.jar
7faf317db000-7faf317df000 r--s 00033000 08:01 5774153                    /home/varadhi5/.gradle/wrapper/dists/gradle-4.1-all/bzyivzo6n839fup2jbap0tjew/gradle-4.1/lib/plugins/plexus-utils-2.0.6.jar
7faf317df000-7faf317e1000 r--s 0000d000 08:01 5774154                    /home/varadhi5/.gradle/wrapper/dists/gradle-4.1-all/bzyivzo6n839fup2jbap0tjew/gradle-4.1/lib/plugins/plexus-interpolation-1.14.jar
7faf317e1000-7faf317e3000 r--s 00000000 08:01 5774129                    /home/varadhi5/.gradle/wrapper/dists/gradle-4.1-all/bzyivzo6n839fup2jbap0tjew/gradle-4.1/lib/plugins/plexus-component-annotations-1.5.5.jar
7faf317e3000-7faf317ea000 r--s 0002e000 08:01 5774155                    /home/varadhi5/.gradle/wrapper/dists/gradle-4.1-all/bzyivzo6n839fup2jbap0tjew/gradle-4.1/lib/plugins/plexus-container-default-1.5.5.jar
7faf317ea000-7faf317ec000 r--s 0000a000 08:01 5774156                    /home/varadhi5/.gradle/wrapper/dists/gradle-4.1-all/bzyivzo6n839fup2jbap0tjew/gradle-4.1/lib/plugins/plexus-classworlds-2.4.jar
7faf317ec000-7faf317ee000 r--s 00002000 08:01 5774157                    /home/varadhi5/.gradle/wrapper/dists/gradle-4.1-all/bzyivzo6n839fup2jbap0tjew/gradle-4.1/lib/plugins/plexus-cipher-1.7.jar
7faf317ee000-7faf317ef000 r--s 00006000 08:01 5774158                    /home/varadhi5/.gradle/wrapper/dists/gradle-4.1-all/bzyivzo6n839fup2jbap0tjew/gradle-4.1/lib/plugins/plexus-sec-dispatcher-1.3.jar
7faf317ef000-7faf317f5000 r--s 0003f000 08:01 5774159                    /home/varadhi5/.gradle/wrapper/dists/gradle-4.1-all/bzyivzo6n839fup2jbap0tjew/gradle-4.1/lib/plugins/maven-compat-3.0.4.jar
7faf317f5000-7faf317f9000 r--s 00021000 08:01 5774160                    /home/varadhi5/.gradle/wrapper/dists/gradle-4.1-all/bzyivzo6n839fup2jbap0tjew/gradle-4.1/lib/plugins/maven-model-builder-3.0.4.jar
7faf317f9000-7faf317fb000 r--s 00026000 08:01 5774161                    /home/varadhi5/.gradle/wrapper/dists/gradle-4.1-all/bzyivzo6n839fup2jbap0tjew/gradle-4.1/lib/plugins/maven-model-3.0.4.jar
7faf317fb000-7faf317fd000 r--s 0000b000 08:01 5774162                    /home/varadhi5/.gradle/wrapper/dists/gradle-4.1-all/bzyivzo6n839fup2jbap0tjew/gradle-4.1/lib/plugins/maven-artifact-3.0.4.jar
7faf317fd000-7faf317ff000 r--s 00006000 08:01 5774163                    /home/varadhi5/.gradle/wrapper/dists/gradle-4.1-all/bzyivzo6n839fup2jbap0tjew/gradle-4.1/lib/plugins/maven-repository-metadata-3.0.4.jar
7faf317ff000-7faf31801000 r--s 0000b000 08:01 5774164                    /home/varadhi5/.gradle/wrapper/dists/gradle-4.1-all/bzyivzo6n839fup2jbap0tjew/gradle-4.1/lib/plugins/maven-plugin-api-3.0.4.jar
7faf31801000-7faf31803000 r--s 0000c000 08:01 5774165                    /home/varadhi5/.gradle/wrapper/dists/gradle-4.1-all/bzyivzo6n839fup2jbap0tjew/gradle-4.1/lib/plugins/maven-aether-provider-3.0.4.jar
7faf31803000-7faf31804000 r--s 00002000 08:01 5774166                    /home/varadhi5/.gradle/wrapper/dists/gradle-4.1-all/bzyivzo6n839fup2jbap0tjew/gradle-4.1/lib/plugins/wagon-file-2.4.jar
7faf31804000-7faf31805000 r--s 00002000 08:01 5774167                    /home/varadhi5/.gradle/wrapper/dists/gradle-4.1-all/bzyivzo6n839fup2jbap0tjew/gradle-4.1/lib/plugins/wagon-http-2.4.jar
7faf31805000-7faf31807000 r--s 0000b000 08:01 5774168                    /home/varadhi5/.gradle/wrapper/dists/gradle-4.1-all/bzyivzo6n839fup2jbap0tjew/gradle-4.1/lib/plugins/wagon-provider-api-2.4.jar
7faf31807000-7faf31808000 r--s 00007000 08:01 5774169                    /home/varadhi5/.gradle/wrapper/dists/gradle-4.1-all/bzyivzo6n839fup2jbap0tjew/gradle-4.1/lib/plugins/wagon-http-shared4-2.4.jar
7faf31808000-7faf3180b000 r--s 00013000 08:01 5774170                    /home/varadhi5/.gradle/wrapper/dists/gradle-4.1-all/bzyivzo6n839fup2jbap0tjew/gradle-4.1/lib/plugins/aether-api-1.13.1.jar
7faf3180b000-7faf3180e000 r--s 0001d000 08:01 5774171                    /home/varadhi5/.gradle/wrapper/dists/gradle-4.1-all/bzyivzo6n839fup2jbap0tjew/gradle-4.1/lib/plugins/aether-impl-1.13.1.jar
7faf3180e000-7faf31812000 r--s 0001c000 08:01 5774173                    /home/varadhi5/.gradle/wrapper/dists/gradle-4.1-all/bzyivzo6n839fup2jbap0tjew/gradle-4.1/lib/plugins/aether-util-1.13.1.jar
7faf31812000-7faf3181e000 r--s 0007d000 08:01 5774126                    /home/varadhi5/.gradle/wrapper/dists/gradle-4.1-all/bzyivzo6n839fup2jbap0tjew/gradle-4.1/lib/plugins/maven-core-3.0.4.jar
7faf3181e000-7faf31823000 r--s 00034000 08:01 5774133                    /home/varadhi5/.gradle/wrapper/dists/gradle-4.1-all/bzyivzo6n839fup2jbap0tjew/gradle-4.1/lib/plugins/gson-2.7.jar
7faf31823000-7faf31847000 r--s 0011a000 08:01 5774121                    /home/varadhi5/.gradle/wrapper/dists/gradle-4.1-all/bzyivzo6n839fup2jbap0tjew/gradle-4.1/lib/plugins/gradle-dependency-management-4.1.jar
7faf31847000-7faf3185d000 r-xp 00000000 08:01 791069                     /lib/x86_64-linux-gnu/libgcc_s.so.1
7faf3185d000-7faf31a5c000 ---p 00016000 08:01 791069                     /lib/x86_64-linux-gnu/libgcc_s.so.1
7faf31a5c000-7faf31a5d000 rw-p 00015000 08:01 791069                     /lib/x86_64-linux-gnu/libgcc_s.so.1
7faf31a5d000-7faf31bcf000 r-xp 00000000 08:01 1573052                    /usr/lib/x86_64-linux-gnu/libstdc++.so.6.0.21
7faf31bcf000-7faf31dcf000 ---p 00172000 08:01 1573052                    /usr/lib/x86_64-linux-gnu/libstdc++.so.6.0.21
7faf31dcf000-7faf31dd9000 r--p 00172000 08:01 1573052                    /usr/lib/x86_64-linux-gnu/libstdc++.so.6.0.21
7faf31dd9000-7faf31ddb000 rw-p 0017c000 08:01 1573052                    /usr/lib/x86_64-linux-gnu/libstdc++.so.6.0.21
7faf31ddb000-7faf31ddf000 rw-p 00000000 00:00 0 
7faf31ddf000-7faf31de0000 r--s 00003000 08:01 5774172                    /home/varadhi5/.gradle/wrapper/dists/gradle-4.1-all/bzyivzo6n839fup2jbap0tjew/gradle-4.1/lib/plugins/aether-spi-1.13.1.jar
7faf31de0000-7faf31de2000 r--s 00006000 08:01 5774174                    /home/varadhi5/.gradle/wrapper/dists/gradle-4.1-all/bzyivzo6n839fup2jbap0tjew/gradle-4.1/lib/plugins/aether-connector-wagon-1.13.1.jar
7faf31de2000-7faf31de7000 r--s 00040000 08:01 5774141                    /home/varadhi5/.gradle/wrapper/dists/gradle-4.1-all/bzyivzo6n839fup2jbap0tjew/gradle-4.1/lib/plugins/jsch-0.1.54.jar
7faf31de7000-7faf31df6000 r--s 000d9000 08:01 5774140                    /home/varadhi5/.gradle/wrapper/dists/gradle-4.1-all/bzyivzo6n839fup2jbap0tjew/gradle-4.1/lib/plugins/ivy-2.2.0.jar
7faf31df6000-7faf31df9000 r--s 0000d000 08:01 5774120                    /home/varadhi5/.gradle/wrapper/dists/gradle-4.1-all/bzyivzo6n839fup2jbap0tjew/gradle-4.1/lib/plugins/gradle-workers-4.1.jar
7faf31df9000-7faf31dfe000 r-xp 00000000 08:01 5640447                    /home/varadhi5/.gradle/native/25/linux-amd64/libnative-platform.so
7faf31dfe000-7faf31ffd000 ---p 00005000 08:01 5640447                    /home/varadhi5/.gradle/native/25/linux-amd64/libnative-platform.so
7faf31ffd000-7faf31ffe000 rw-p 00004000 08:01 5640447                    /home/varadhi5/.gradle/native/25/linux-amd64/libnative-platform.so
7faf31ffe000-7faf3200f000 r-xp 00000000 08:01 5639674                    /home/varadhi5/Desktop/android/android-studio/jre/jre/lib/amd64/libnio.so
7faf3200f000-7faf3220e000 ---p 00011000 08:01 5639674                    /home/varadhi5/Desktop/android/android-studio/jre/jre/lib/amd64/libnio.so
7faf3220e000-7faf3220f000 r--p 00010000 08:01 5639674                    /home/varadhi5/Desktop/android/android-studio/jre/jre/lib/amd64/libnio.so
7faf3220f000-7faf32210000 rw-p 00011000 08:01 5639674                    /home/varadhi5/Desktop/android/android-studio/jre/jre/lib/amd64/libnio.so
7faf32210000-7faf32226000 r-xp 00000000 08:01 5639672                    /home/varadhi5/Desktop/android/android-studio/jre/jre/lib/amd64/libnet.so
7faf32226000-7faf32426000 ---p 00016000 08:01 5639672                    /home/varadhi5/Desktop/android/android-studio/jre/jre/lib/amd64/libnet.so
7faf32426000-7faf32427000 r--p 00016000 08:01 5639672                    /home/varadhi5/Desktop/android/android-studio/jre/jre/lib/amd64/libnet.so
7faf32427000-7faf32428000 rw-p 00017000 08:01 5639672                    /home/varadhi5/Desktop/android/android-studio/jre/jre/lib/amd64/libnet.so
7faf32428000-7faf32429000 r--s 00006000 08:01 5774028                    /home/varadhi5/.gradle/wrapper/dists/gradle-4.1-all/bzyivzo6n839fup2jbap0tjew/gradle-4.1/lib/gradle-wrapper-4.1.jar
7faf32429000-7faf32436000 r--s 00043000 08:01 5774027                    /home/varadhi5/.gradle/wrapper/dists/gradle-4.1-all/bzyivzo6n839fup2jbap0tjew/gradle-4.1/lib/gradle-tooling-api-4.1.jar
7faf32436000-7faf32445000 r--s 000c8000 08:01 5774024                    /home/varadhi5/.gradle/wrapper/dists/gradle-4.1-all/bzyivzo6n839fup2jbap0tjew/gradle-4.1/lib/kotlin-stdlib-1.1.3-2.jar
7faf32445000-7faf32477000 r--s 0021b000 08:01 5774023                    /home/varadhi5/.gradle/wrapper/dists/gradle-4.1-all/bzyivzo6n839fup2jbap0tjew/gradle-4.1/lib/kotlin-reflect-1.1.3-2.jar
7faf32477000-7faf3262e000 r--s 01786000 08:01 5774022                    /home/varadhi5/.gradle/wrapper/dists/gradle-4.1-all/bzyivzo6n839fup2jbap0tjew/gradle-4.1/lib/kotlin-compiler-embeddable-1.1.3-2.jar
7faf3262e000-7faf3262f000 r--s 00000000 08:01 5774021                    /home/varadhi5/.gradle/wrapper/dists/gradle-4.1-all/bzyivzo6n839fup2jbap0tjew/gradle-4.1/lib/gradle-kotlin-dsl-tooling-models-0.10.3.jar
7faf3262f000-7faf32630000 r--s 00001000 08:01 5774019                    /home/varadhi5/.gradle/wrapper/dists/gradle-4.1-all/bzyivzo6n839fup2jbap0tjew/gradle-4.1/lib/gradle-kotlin-dsl-compiler-plugin-0.10.3.jar
7faf32630000-7faf32632000 r--s 00003000 08:01 5774017                    /home/varadhi5/.gradle/wrapper/dists/gradle-4.1-all/bzyivzo6n839fup2jbap0tjew/gradle-4.1/lib/annotations-13.0.jar
7faf32632000-7faf3263c000 r--s 00073000 08:01 5774018                    /home/varadhi5/.gradle/wrapper/dists/gradle-4.1-all/bzyivzo6n839fup2jbap0tjew/gradle-4.1/lib/gradle-kotlin-dsl-0.10.3.jar
7faf3263c000-7faf32641000 r--s 00013000 08:01 5774034                    /home/varadhi5/.gradle/wrapper/dists/gradle-4.1-all/bzyivzo6n839fup2jbap0tjew/gradle-4.1/lib/gradle-resources-4.1.jar
7faf32641000-7faf32643000 r--s 00005000 08:01 5774041                    /home/varadhi5/.gradle/wrapper/dists/gradle-4.1-all/bzyivzo6n839fup2jbap0tjew/gradle-4.1/lib/gradle-cli-4.1.jar
7faf32643000-7faf32645000 r--s 00003000 08:01 5774048                    /home/varadhi5/.gradle/wrapper/dists/gradle-4.1-all/bzyivzo6n839fup2jbap0tjew/gradle-4.1/lib/jcl-over-slf4j-1.7.10.jar
7faf32645000-7faf32646000 r--s 00005000 08:01 5774047                    /home/varadhi5/.gradle/wrapper/dists/gradle-4.1-all/bzyivzo6n839fup2jbap0tjew/gradle-4.1/lib/log4j-over-slf4j-1.7.10.jar
7faf32646000-7faf32648000 r--s 00000000 08:01 5774046                    /home/varadhi5/.gradle/wrapper/dists/gradle-4.1-all/bzyivzo6n839fup2jbap0tjew/gradle-4.1/lib/jul-to-slf4j-1.7.10.jar
7faf32648000-7faf3264f000 r--s 0002c000 08:01 5774032                    /home/varadhi5/.gradle/wrapper/dists/gradle-4.1-all/bzyivzo6n839fup2jbap0tjew/gradle-4.1/lib/gradle-logging-4.1.jar
7faf3264f000-7faf3265f000 r--s 00082000 08:01 5774037                    /home/varadhi5/.gradle/wrapper/dists/gradle-4.1-all/bzyivzo6n839fup2jbap0tjew/gradle-4.1/lib/gradle-model-core-4.1.jar
7faf3265f000-7faf32661000 r--s 00006000 08:01 5774038                    /home/varadhi5/.gradle/wrapper/dists/gradle-4.1-all/bzyivzo6n839fup2jbap0tjew/gradle-4.1/lib/gradle-base-services-groovy-4.1.jar
7faf32661000-7faf32663000 r--s 00007000 08:01 5774036                    /home/varadhi5/.gradle/wrapper/dists/gradle-4.1-all/bzyivzo6n839fup2jbap0tjew/gradle-4.1/lib/gradle-model-groovy-4.1.jar
7faf32663000-7faf32664000 r--s 00002000 08:01 5774059                    /home/varadhi5/.gradle/wrapper/dists/gradle-4.1-all/bzyivzo6n839fup2jbap0tjew/gradle-4.1/lib/gradle-docs-4.1.jar
7faf32664000-7faf32671000 r--s 00083000 08:01 5774057                    /home/varadhi5/.gradle/wrapper/dists/gradle-4.1-all/bzyivzo6n839fup2jbap0tjew/gradle-4.1/lib/commons-collections-3.2.2.jar
7faf32671000-7faf32672000 r--s 00000000 08:01 5774056                    /home/varadhi5/.gradle/wrapper/dists/gradle-4.1-all/bzyivzo6n839fup2jbap0tjew/gradle-4.1/lib/javax.inject-1.jar
7faf32672000-7faf326e2000 r--s 00645000 08:01 5774054                    /home/varadhi5/.gradle/wrapper/dists/gradle-4.1-all/bzyivzo6n839fup2jbap0tjew/gradle-4.1/lib/groovy-all-2.4.11.jar
7faf326e2000-7faf326e5000 r--s 00023000 08:01 5774060                    /home/varadhi5/.gradle/wrapper/dists/gradle-4.1-all/bzyivzo6n839fup2jbap0tjew/gradle-4.1/lib/jansi-1.14.jar
7faf326e5000-7faf326e6000 r--s 00004000 08:01 5774062                    /home/varadhi5/.gradle/wrapper/dists/gradle-4.1-all/bzyivzo6n839fup2jbap0tjew/gradle-4.1/lib/native-platform-freebsd-amd64-libcpp-0.14.jar
7faf326e6000-7faf326e7000 r--s 00004000 08:01 5774063                    /home/varadhi5/.gradle/wrapper/dists/gradle-4.1-all/bzyivzo6n839fup2jbap0tjew/gradle-4.1/lib/native-platform-freebsd-amd64-libstdcpp-0.14.jar
7faf326e7000-7faf326e8000 r--s 00004000 08:01 5774064                    /home/varadhi5/.gradle/wrapper/dists/gradle-4.1-all/bzyivzo6n839fup2jbap0tjew/gradle-4.1/lib/native-platform-freebsd-i386-libcpp-0.14.jar
7faf326e8000-7faf326e9000 r--s 00003000 08:01 5774065                    /home/varadhi5/.gradle/wrapper/dists/gradle-4.1-all/bzyivzo6n839fup2jbap0tjew/gradle-4.1/lib/native-platform-freebsd-i386-libstdcpp-0.14.jar
7faf326e9000-7faf326ea000 r--s 00002000 08:01 5774066                    /home/varadhi5/.gradle/wrapper/dists/gradle-4.1-all/bzyivzo6n839fup2jbap0tjew/gradle-4.1/lib/native-platform-linux-amd64-0.14.jar
7faf326ea000-7faf326eb000 r--s 00002000 08:01 5774067                    /home/varadhi5/.gradle/wrapper/dists/gradle-4.1-all/bzyivzo6n839fup2jbap0tjew/gradle-4.1/lib/native-platform-linux-i386-0.14.jar
7faf326eb000-7faf326ed000 r--s 00002000 08:01 5774068                    /home/varadhi5/.gradle/wrapper/dists/gradle-4.1-all/bzyivzo6n839fup2jbap0tjew/gradle-4.1/lib/native-platform-osx-amd64-0.14.jar
7faf326ed000-7faf326ee000 r--s 00003000 08:01 5774069                    /home/varadhi5/.gradle/wrapper/dists/gradle-4.1-all/bzyivzo6n839fup2jbap0tjew/gradle-4.1/lib/native-platform-osx-i386-0.14.jar
7faf326ee000-7faf326f0000 r--s 0000b000 08:01 5774070                    /home/varadhi5/.gradle/wrapper/dists/gradle-4.1-all/bzyivzo6n839fup2jbap0tjew/gradle-4.1/lib/native-platform-windows-amd64-0.14.jar
7faf326f0000-7faf326f1000 r--s 0000b000 08:01 5774071                    /home/varadhi5/.gradle/wrapper/dists/gradle-4.1-all/bzyivzo6n839fup2jbap0tjew/gradle-4.1/lib/native-platform-windows-i386-0.14.jar
7faf326f1000-7faf326f5000 r--s 00012000 08:01 5774058                    /home/varadhi5/.gradle/wrapper/dists/gradle-4.1-all/bzyivzo6n839fup2jbap0tjew/gradle-4.1/lib/native-platform-0.14.jar
7faf326f5000-7faf326f8000 r--s 0000c000 08:01 5774035                    /home/varadhi5/.gradle/wrapper/dists/gradle-4.1-all/bzyivzo6n839fup2jbap0tjew/gradle-4.1/lib/gradle-native-4.1.jar
7faf326f8000-7faf326fa000 r--s 0000f000 08:01 5774043                    /home/varadhi5/.gradle/wrapper/dists/gradle-4.1-all/bzyivzo6n839fup2jbap0tjew/gradle-4.1/lib/reflectasm-1.07-shaded.jar
7faf326fa000-7faf326fc000 r--s 00000000 08:01 5774076                    /home/varadhi5/.gradle/wrapper/dists/gradle-4.1-all/bzyivzo6n839fup2jbap0tjew/gradle-4.1/lib/minlog-1.2.jar
7faf326fc000-7faf326fe000 r--s 00007000 08:01 5774077                    /home/varadhi5/.gradle/wrapper/dists/gradle-4.1-all/bzyivzo6n839fup2jbap0tjew/gradle-4.1/lib/objenesis-1.2.jar
7faf326fe000-7faf32702000 r--s 00026000 08:01 5774042                    /home/varadhi5/.gradle/wrapper/dists/gradle-4.1-all/bzyivzo6n839fup2jbap0tjew/gradle-4.1/lib/kryo-2.20.jar
7faf32702000-7faf32708000 r--s 0002b000 08:01 5774039                    /home/varadhi5/.gradle/wrapper/dists/gradle-4.1-all/bzyivzo6n839fup2jbap0tjew/gradle-4.1/lib/gradle-messaging-4.1.jar
7faf32708000-7faf3270a000 r--s 00006000 08:01 5774033                    /home/varadhi5/.gradle/wrapper/dists/gradle-4.1-all/bzyivzo6n839fup2jbap0tjew/gradle-4.1/lib/gradle-process-services-4.1.jar
7faf3270a000-7faf32732000 r--s 001cf000 08:01 5774050                    /home/varadhi5/.gradle/wrapper/dists/gradle-4.1-all/bzyivzo6n839fup2jbap0tjew/gradle-4.1/lib/guava-jdk5-17.0.jar
7faf32732000-7faf32733000 ---p 00000000 00:00 0 
7faf32733000-7faf32833000 rw-p 00000000 00:00 0 
7faf32833000-7faf32836000 ---p 00000000 00:00 0 
7faf32836000-7faf32934000 rw-p 00000000 00:00 0 
7faf32934000-7faf32937000 ---p 00000000 00:00 0 
7faf32937000-7faf32a35000 rw-p 00000000 00:00 0 
7faf32a35000-7faf32a38000 ---p 00000000 00:00 0 
7faf32a38000-7faf32b36000 rw-p 00000000 00:00 0 
7faf32b36000-7faf32b39000 ---p 00000000 00:00 0 
7faf32b39000-7faf32c37000 rw-p 00000000 00:00 0 
7faf32c37000-7faf32c3a000 ---p 00000000 00:00 0 
7faf32c3a000-7faf32d38000 rw-p 00000000 00:00 0 
7faf32d38000-7faf336f7000 r--p 00000000 08:01 1580153                    /usr/lib/locale/locale-archive
7faf336f7000-7faf336fa000 ---p 00000000 00:00 0 
7faf336fa000-7faf337f8000 rw-p 00000000 00:00 0 
7faf337f8000-7faf337fb000 ---p 00000000 00:00 0 
7faf337fb000-7faf338f9000 rw-p 00000000 00:00 0 
7faf338f9000-7faf338fa000 ---p 00000000 00:00 0 
7faf338fa000-7faf34000000 rw-p 00000000 00:00 0 
7faf34000000-7faf34021000 rw-p 00000000 00:00 0 
7faf34021000-7faf38000000 ---p 00000000 00:00 0 
7faf38000000-7faf38001000 r--s 00001000 08:01 5774072                    /home/varadhi5/.gradle/wrapper/dists/gradle-4.1-all/bzyivzo6n839fup2jbap0tjew/gradle-4.1/lib/native-platform-linux-amd64-ncurses5-0.14.jar
7faf38001000-7faf38003000 r--s 00000000 08:01 5774031                    /home/varadhi5/.gradle/wrapper/dists/gradle-4.1-all/bzyivzo6n839fup2jbap0tjew/gradle-4.1/lib/gradle-jvm-services-4.1.jar
7faf38003000-7faf38008000 r--s 00041000 08:01 5774052                    /home/varadhi5/.gradle/wrapper/dists/gradle-4.1-all/bzyivzo6n839fup2jbap0tjew/gradle-4.1/lib/commons-lang-2.6.jar
7faf38008000-7faf38027000 r--s 001d1000 08:01 5774055                    /home/varadhi5/.gradle/wrapper/dists/gradle-4.1-all/bzyivzo6n839fup2jbap0tjew/gradle-4.1/lib/ant-1.9.6.jar
7faf38027000-7faf38071000 r--s 00253000 08:01 5774030                    /home/varadhi5/.gradle/wrapper/dists/gradle-4.1-all/bzyivzo6n839fup2jbap0tjew/gradle-4.1/lib/gradle-core-4.1.jar
7faf38071000-7faf38a2b000 rw-p 00000000 00:00 0 
7faf38a2b000-7faf38bfb000 r--s 03c46000 08:01 5639597                    /home/varadhi5/Desktop/android/android-studio/jre/jre/lib/rt.jar
7faf38bfb000-7faf3c6fb000 rw-p 00000000 00:00 0 
7faf3c6fb000-7faf3c6fc000 ---p 00000000 00:00 0 
7faf3c6fc000-7faf3c7fc000 rw-p 00000000 00:00 0 
7faf3c7fc000-7faf3c7fd000 ---p 00000000 00:00 0 
7faf3c7fd000-7faf3c8fd000 rw-p 00000000 00:00 0 
7faf3c8fd000-7faf3c8fe000 ---p 00000000 00:00 0 
7faf3c8fe000-7faf3c9fe000 rw-p 00000000 00:00 0 
7faf3c9fe000-7faf3c9ff000 ---p 00000000 00:00 0 
7faf3c9ff000-7faf3cb16000 rw-p 00000000 00:00 0 
7faf3cb16000-7faf3ccff000 ---p 00000000 00:00 0 
7faf3ccff000-7faf3cd16000 rw-p 00000000 00:00 0 
7faf3cd16000-7faf3ceff000 ---p 00000000 00:00 0 
7faf3ceff000-7faf3cf45000 rw-p 00000000 00:00 0 
7faf3cf45000-7faf3cfff000 ---p 00000000 00:00 0 
7faf3cfff000-7faf3d000000 rw-p 00000000 00:00 0 
7faf3d000000-7faf3e1e0000 rwxp 00000000 00:00 0 
7faf3e1e0000-7faf4c000000 ---p 00000000 00:00 0 
7faf4c000000-7faf4cc8f000 rw-p 00000000 00:00 0 
7faf4cc8f000-7faf50000000 ---p 00000000 00:00 0 
7faf50000000-7faf50001000 r--s 00001000 08:01 5774073                    /home/varadhi5/.gradle/wrapper/dists/gradle-4.1-all/bzyivzo6n839fup2jbap0tjew/gradle-4.1/lib/native-platform-linux-amd64-ncurses6-0.14.jar
7faf50001000-7faf500e0000 rw-p 00000000 00:00 0 
7faf500e0000-7faf50458000 ---p 00000000 00:00 0 
7faf50458000-7faf50472000 r-xp 00000000 08:01 5639659                    /home/varadhi5/Desktop/android/android-studio/jre/jre/lib/amd64/libzip.so
7faf50472000-7faf50672000 ---p 0001a000 08:01 5639659                    /home/varadhi5/Desktop/android/android-studio/jre/jre/lib/amd64/libzip.so
7faf50672000-7faf50673000 r--p 0001a000 08:01 5639659                    /home/varadhi5/Desktop/android/android-studio/jre/jre/lib/amd64/libzip.so
7faf50673000-7faf50674000 rw-p 0001b000 08:01 5639659                    /home/varadhi5/Desktop/android/android-studio/jre/jre/lib/amd64/libzip.so
7faf50674000-7faf5067f000 r-xp 00000000 08:01 791130                     /lib/x86_64-linux-gnu/libnss_files-2.23.so
7faf5067f000-7faf5087e000 ---p 0000b000 08:01 791130                     /lib/x86_64-linux-gnu/libnss_files-2.23.so
7faf5087e000-7faf5087f000 r--p 0000a000 08:01 791130                     /lib/x86_64-linux-gnu/libnss_files-2.23.so
7faf5087f000-7faf50880000 rw-p 0000b000 08:01 791130                     /lib/x86_64-linux-gnu/libnss_files-2.23.so
7faf50880000-7faf50886000 rw-p 00000000 00:00 0 
7faf50886000-7faf50891000 r-xp 00000000 08:01 791140                     /lib/x86_64-linux-gnu/libnss_nis-2.23.so
7faf50891000-7faf50a90000 ---p 0000b000 08:01 791140                     /lib/x86_64-linux-gnu/libnss_nis-2.23.so
7faf50a90000-7faf50a91000 r--p 0000a000 08:01 791140                     /lib/x86_64-linux-gnu/libnss_nis-2.23.so
7faf50a91000-7faf50a92000 rw-p 0000b000 08:01 791140                     /lib/x86_64-linux-gnu/libnss_nis-2.23.so
7faf50a92000-7faf50aa8000 r-xp 00000000 08:01 791124                     /lib/x86_64-linux-gnu/libnsl-2.23.so
7faf50aa8000-7faf50ca7000 ---p 00016000 08:01 791124                     /lib/x86_64-linux-gnu/libnsl-2.23.so
7faf50ca7000-7faf50ca8000 r--p 00015000 08:01 791124                     /lib/x86_64-linux-gnu/libnsl-2.23.so
7faf50ca8000-7faf50ca9000 rw-p 00016000 08:01 791124                     /lib/x86_64-linux-gnu/libnsl-2.23.so
7faf50ca9000-7faf50cab000 rw-p 00000000 00:00 0 
7faf50cab000-7faf50cb3000 r-xp 00000000 08:01 791126                     /lib/x86_64-linux-gnu/libnss_compat-2.23.so
7faf50cb3000-7faf50eb2000 ---p 00008000 08:01 791126                     /lib/x86_64-linux-gnu/libnss_compat-2.23.so
7faf50eb2000-7faf50eb3000 r--p 00007000 08:01 791126                     /lib/x86_64-linux-gnu/libnss_compat-2.23.so
7faf50eb3000-7faf50eb4000 rw-p 00008000 08:01 791126                     /lib/x86_64-linux-gnu/libnss_compat-2.23.so
7faf50eb4000-7faf50ee1000 r-xp 00000000 08:01 5639639                    /home/varadhi5/Desktop/android/android-studio/jre/jre/lib/amd64/libjava.so
7faf50ee1000-7faf510e0000 ---p 0002d000 08:01 5639639                    /home/varadhi5/Desktop/android/android-studio/jre/jre/lib/amd64/libjava.so
7faf510e0000-7faf510e1000 r--p 0002c000 08:01 5639639                    /home/varadhi5/Desktop/android/android-studio/jre/jre/lib/amd64/libjava.so
7faf510e1000-7faf510e3000 rw-p 0002d000 08:01 5639639                    /home/varadhi5/Desktop/android/android-studio/jre/jre/lib/amd64/libjava.so
7faf510e3000-7faf510f3000 r-xp 00000000 08:01 5639671                    /home/varadhi5/Desktop/android/android-studio/jre/jre/lib/amd64/libverify.so
7faf510f3000-7faf512f2000 ---p 00010000 08:01 5639671                    /home/varadhi5/Desktop/android/android-studio/jre/jre/lib/amd64/libverify.so
7faf512f2000-7faf512f4000 r--p 0000f000 08:01 5639671                    /home/varadhi5/Desktop/android/android-studio/jre/jre/lib/amd64/libverify.so
7faf512f4000-7faf512f5000 rw-p 00011000 08:01 5639671                    /home/varadhi5/Desktop/android/android-studio/jre/jre/lib/amd64/libverify.so
7faf512f5000-7faf512fc000 r-xp 00000000 08:01 791185                     /lib/x86_64-linux-gnu/librt-2.23.so
7faf512fc000-7faf514fb000 ---p 00007000 08:01 791185                     /lib/x86_64-linux-gnu/librt-2.23.so
7faf514fb000-7faf514fc000 r--p 00006000 08:01 791185                     /lib/x86_64-linux-gnu/librt-2.23.so
7faf514fc000-7faf514fd000 rw-p 00007000 08:01 791185                     /lib/x86_64-linux-gnu/librt-2.23.so
7faf514fd000-7faf51605000 r-xp 00000000 08:01 791101                     /lib/x86_64-linux-gnu/libm-2.23.so
7faf51605000-7faf51804000 ---p 00108000 08:01 791101                     /lib/x86_64-linux-gnu/libm-2.23.so
7faf51804000-7faf51805000 r--p 00107000 08:01 791101                     /lib/x86_64-linux-gnu/libm-2.23.so
7faf51805000-7faf51806000 rw-p 00108000 08:01 791101                     /lib/x86_64-linux-gnu/libm-2.23.so
7faf51806000-7faf523fe000 r-xp 00000000 08:01 5639658                    /home/varadhi5/Desktop/android/android-studio/jre/jre/lib/amd64/server/libjvm.so
7faf523fe000-7faf525fe000 ---p 00bf8000 08:01 5639658                    /home/varadhi5/Desktop/android/android-studio/jre/jre/lib/amd64/server/libjvm.so
7faf525fe000-7faf5269d000 r--p 00bf8000 08:01 5639658                    /home/varadhi5/Desktop/android/android-studio/jre/jre/lib/amd64/server/libjvm.so
7faf5269d000-7faf526c6000 rw-p 00c97000 08:01 5639658                    /home/varadhi5/Desktop/android/android-studio/jre/jre/lib/amd64/server/libjvm.so
7faf526c6000-7faf5270a000 rw-p 00000000 00:00 0 
7faf5270a000-7faf52722000 r-xp 00000000 08:01 791177                     /lib/x86_64-linux-gnu/libpthread-2.23.so
7faf52722000-7faf52921000 ---p 00018000 08:01 791177                     /lib/x86_64-linux-gnu/libpthread-2.23.so
7faf52921000-7faf52922000 r--p 00017000 08:01 791177                     /lib/x86_64-linux-gnu/libpthread-2.23.so
7faf52922000-7faf52923000 rw-p 00018000 08:01 791177                     /lib/x86_64-linux-gnu/libpthread-2.23.so
7faf52923000-7faf52927000 rw-p 00000000 00:00 0 
7faf52927000-7faf5292a000 r-xp 00000000 08:01 791055                     /lib/x86_64-linux-gnu/libdl-2.23.so
7faf5292a000-7faf52b29000 ---p 00003000 08:01 791055                     /lib/x86_64-linux-gnu/libdl-2.23.so
7faf52b29000-7faf52b2a000 r--p 00002000 08:01 791055                     /lib/x86_64-linux-gnu/libdl-2.23.so
7faf52b2a000-7faf52b2b000 rw-p 00003000 08:01 791055                     /lib/x86_64-linux-gnu/libdl-2.23.so
7faf52b2b000-7faf52ceb000 r-xp 00000000 08:01 791031                     /lib/x86_64-linux-gnu/libc-2.23.so
7faf52ceb000-7faf52eeb000 ---p 001c0000 08:01 791031                     /lib/x86_64-linux-gnu/libc-2.23.so
7faf52eeb000-7faf52eef000 r--p 001c0000 08:01 791031                     /lib/x86_64-linux-gnu/libc-2.23.so
7faf52eef000-7faf52ef1000 rw-p 001c4000 08:01 791031                     /lib/x86_64-linux-gnu/libc-2.23.so
7faf52ef1000-7faf52ef5000 rw-p 00000000 00:00 0 
7faf52ef5000-7faf52f0b000 r-xp 00000000 08:01 5639560                    /home/varadhi5/Desktop/android/android-studio/jre/lib/amd64/jli/libjli.so
7faf52f0b000-7faf5310a000 ---p 00016000 08:01 5639560                    /home/varadhi5/Desktop/android/android-studio/jre/lib/amd64/jli/libjli.so
7faf5310a000-7faf5310b000 r--p 00015000 08:01 5639560                    /home/varadhi5/Desktop/android/android-studio/jre/lib/amd64/jli/libjli.so
7faf5310b000-7faf5310c000 rw-p 00016000 08:01 5639560                    /home/varadhi5/Desktop/android/android-studio/jre/lib/amd64/jli/libjli.so
7faf5310c000-7faf53132000 r-xp 00000000 08:01 791003                     /lib/x86_64-linux-gnu/ld-2.23.so
7faf53132000-7faf53133000 r--s 00001000 08:01 5774074                    /home/varadhi5/.gradle/wrapper/dists/gradle-4.1-all/bzyivzo6n839fup2jbap0tjew/gradle-4.1/lib/native-platform-linux-i386-ncurses5-0.14.jar
7faf53133000-7faf53136000 r--s 00006000 08:01 5774051                    /home/varadhi5/.gradle/wrapper/dists/gradle-4.1-all/bzyivzo6n839fup2jbap0tjew/gradle-4.1/lib/jsr305-1.3.9.jar
7faf53136000-7faf5313a000 r--s 00027000 08:01 5774045                    /home/varadhi5/.gradle/wrapper/dists/gradle-4.1-all/bzyivzo6n839fup2jbap0tjew/gradle-4.1/lib/commons-io-2.2.jar
7faf5313a000-7faf53142000 r--s 000bd000 08:01 5774044                    /home/varadhi5/.gradle/wrapper/dists/gradle-4.1-all/bzyivzo6n839fup2jbap0tjew/gradle-4.1/lib/asm-debug-all-6.0_ALPHA.jar
7faf53142000-7faf5314e000 r--s 00053000 08:01 5774040                    /home/varadhi5/.gradle/wrapper/dists/gradle-4.1-all/bzyivzo6n839fup2jbap0tjew/gradle-4.1/lib/gradle-base-services-4.1.jar
7faf5314e000-7faf53210000 rw-p 00000000 00:00 0 
7faf53210000-7faf53213000 ---p 00000000 00:00 0 
7faf53213000-7faf53315000 rw-p 00000000 00:00 0 
7faf53315000-7faf53316000 r--s 00001000 08:01 5774075                    /home/varadhi5/.gradle/wrapper/dists/gradle-4.1-all/bzyivzo6n839fup2jbap0tjew/gradle-4.1/lib/native-platform-linux-i386-ncurses6-0.14.jar
7faf53316000-7faf53317000 r--s 00000000 08:01 5774053                    /home/varadhi5/.gradle/wrapper/dists/gradle-4.1-all/bzyivzo6n839fup2jbap0tjew/gradle-4.1/lib/jcip-annotations-1.0.jar
7faf53317000-7faf53318000 r--s 00007000 08:01 5774049                    /home/varadhi5/.gradle/wrapper/dists/gradle-4.1-all/bzyivzo6n839fup2jbap0tjew/gradle-4.1/lib/slf4j-api-1.7.10.jar
7faf53318000-7faf53319000 r--s 00004000 08:01 5774061                    /home/varadhi5/.gradle/wrapper/dists/gradle-4.1-all/bzyivzo6n839fup2jbap0tjew/gradle-4.1/lib/ant-launcher-1.9.6.jar
7faf53319000-7faf53325000 r--s 0005c000 08:01 5774025                    /home/varadhi5/.gradle/wrapper/dists/gradle-4.1-all/bzyivzo6n839fup2jbap0tjew/gradle-4.1/lib/gradle-launcher-4.1.jar
7faf53325000-7faf5332d000 rw-s 00000000 08:01 8794513                    /tmp/hsperfdata_varadhi5/7880
7faf5332d000-7faf5332e000 rw-p 00000000 00:00 0 
7faf5332e000-7faf5332f000 ---p 00000000 00:00 0 
7faf5332f000-7faf53331000 rw-p 00000000 00:00 0 
7faf53331000-7faf53332000 r--p 00025000 08:01 791003                     /lib/x86_64-linux-gnu/ld-2.23.so
7faf53332000-7faf53333000 rw-p 00026000 08:01 791003                     /lib/x86_64-linux-gnu/ld-2.23.so
7faf53333000-7faf53334000 rw-p 00000000 00:00 0 
7ffeb7de3000-7ffeb7e05000 rw-p 00000000 00:00 0                          [stack]
7ffeb7ed1000-7ffeb7ed3000 r--p 00000000 00:00 0                          [vvar]
7ffeb7ed3000-7ffeb7ed5000 r-xp 00000000 00:00 0                          [vdso]
ffffffffff600000-ffffffffff601000 r-xp 00000000 00:00 0                  [vsyscall]

VM Arguments:
jvm_args: -Xmx1536m -Dfile.encoding=UTF-8 -Duser.country=IN -Duser.language=en -Duser.variant 
java_command: org.gradle.launcher.daemon.bootstrap.GradleDaemon 4.1
java_class_path (initial): /home/varadhi5/.gradle/wrapper/dists/gradle-4.1-all/bzyivzo6n839fup2jbap0tjew/gradle-4.1/lib/gradle-launcher-4.1.jar
Launcher Type: SUN_STANDARD

Environment Variables:
JAVA_HOME=/usr/lib/jvm/java-8-oracle
PATH=/home/varadhi5/bin:/home/varadhi5/.local/bin:/usr/local/sbin:/usr/local/bin:/usr/sbin:/usr/bin:/sbin:/bin:/usr/games:/usr/local/games:/snap/bin:/usr/lib/jvm/java-8-oracle/bin:/usr/lib/jvm/java-8-oracle/db/bin:/usr/lib/jvm/java-8-oracle/jre/bin
LD_LIBRARY_PATH=.:
SHELL=/bin/bash
DISPLAY=:0

Signal Handlers:
SIGSEGV: [libjvm.so+0x9ebc60], sa_mask[0]=11111111011111111101111111111110, sa_flags=SA_RESTART|SA_SIGINFO
SIGBUS: [libjvm.so+0x9ebc60], sa_mask[0]=11111111011111111101111111111110, sa_flags=SA_RESTART|SA_SIGINFO
SIGFPE: [libjvm.so+0x84cf60], sa_mask[0]=11111111011111111101111111111110, sa_flags=SA_RESTART|SA_SIGINFO
SIGPIPE: [libjvm.so+0x84cf60], sa_mask[0]=11111111011111111101111111111110, sa_flags=SA_RESTART|SA_SIGINFO
SIGXFSZ: [libjvm.so+0x84cf60], sa_mask[0]=11111111011111111101111111111110, sa_flags=SA_RESTART|SA_SIGINFO
SIGILL: [libjvm.so+0x84cf60], sa_mask[0]=11111111011111111101111111111110, sa_flags=SA_RESTART|SA_SIGINFO
SIGUSR1: SIG_DFL, sa_mask[0]=00000000000000000000000000000000, sa_flags=none
SIGUSR2: [libjvm.so+0x84ce30], sa_mask[0]=00100000000000000000000000000000, sa_flags=SA_RESTART|SA_SIGINFO
SIGHUP: [libjvm.so+0x84d020], sa_mask[0]=11111111011111111101111111111110, sa_flags=SA_RESTART|SA_SIGINFO
SIGINT: [libjvm.so+0x84d020], sa_mask[0]=11111111011111111101111111111110, sa_flags=SA_RESTART|SA_SIGINFO
SIGTERM: [libjvm.so+0x84d020], sa_mask[0]=11111111011111111101111111111110, sa_flags=SA_RESTART|SA_SIGINFO
SIGQUIT: [libjvm.so+0x84d020], sa_mask[0]=11111111011111111101111111111110, sa_flags=SA_RESTART|SA_SIGINFO


---------------  S Y S T E M  ---------------

OS:DISTRIB_ID=Ubuntu
DISTRIB_RELEASE=16.04
DISTRIB_CODENAME=xenial
DISTRIB_DESCRIPTION="Ubuntu 16.04.3 LTS"

uname:Linux 4.10.0-28-generic #32~16.04.2-Ubuntu SMP Thu Jul 20 10:19:48 UTC 2017 x86_64
libc:glibc 2.23 NPTL 2.23 
rlimit: STACK 8192k, CORE 0k, NPROC 15099, NOFILE 1048576, AS infinity
load average:2.16 1.86 1.47

/proc/meminfo:
MemTotal:        3909984 kB
MemFree:          103820 kB
MemAvailable:      13876 kB
Buffers:            1400 kB
Cached:           311536 kB
SwapCached:            0 kB
Active:          3346324 kB
Inactive:         295280 kB
Active(anon):    3330396 kB
Inactive(anon):   279216 kB
Active(file):      15928 kB
Inactive(file):    16064 kB
Unevictable:          32 kB
Mlocked:              32 kB
SwapTotal:             0 kB
SwapFree:              0 kB
Dirty:               160 kB
Writeback:           804 kB
AnonPages:       3329276 kB
Mapped:            84708 kB
Shmem:            280368 kB
Slab:              73552 kB
SReclaimable:      34600 kB
SUnreclaim:        38952 kB
KernelStack:        8880 kB
PageTables:        35644 kB
NFS_Unstable:          0 kB
Bounce:                0 kB
WritebackTmp:          0 kB
CommitLimit:     1954992 kB
Committed_AS:    6777536 kB
VmallocTotal:   34359738367 kB
VmallocUsed:           0 kB
VmallocChunk:          0 kB
HardwareCorrupted:     0 kB
AnonHugePages:   1619968 kB
ShmemHugePages:        0 kB
ShmemPmdMapped:        0 kB
CmaTotal:              0 kB
CmaFree:               0 kB
HugePages_Total:       0
HugePages_Free:        0
HugePages_Rsvd:        0
HugePages_Surp:        0
Hugepagesize:       2048 kB
DirectMap4k:      129652 kB
DirectMap2M:     3930112 kB
DirectMap1G:           0 kB


CPU:total 4 (initial active 4) (2 cores per cpu, 2 threads per core) family 6 model 78 stepping 3, cmov, cx8, fxsr, mmx, sse, sse2, sse3, ssse3, sse4.1, sse4.2, popcnt, avx, avx2, aes, clmul, erms, 3dnowpref, lzcnt, ht, tsc, tscinvbit, bmi1, bmi2, adx

/proc/cpuinfo:
processor	: 0
vendor_id	: GenuineIntel
cpu family	: 6
model		: 78
model name	: Intel(R) Core(TM) i3-6006U CPU @ 2.00GHz
stepping	: 3
microcode	: 0x8a
cpu MHz		: 504.760
cache size	: 3072 KB
physical id	: 0
siblings	: 4
core id		: 0
cpu cores	: 2
apicid		: 0
initial apicid	: 0
fpu		: yes
fpu_exception	: yes
cpuid level	: 22
wp		: yes
flags		: fpu vme de pse tsc msr pae mce cx8 apic sep mtrr pge mca cmov pat pse36 clflush dts acpi mmx fxsr sse sse2 ss ht tm pbe syscall nx pdpe1gb rdtscp lm constant_tsc art arch_perfmon pebs bts rep_good nopl xtopology nonstop_tsc aperfmperf tsc_known_freq pni pclmulqdq dtes64 monitor ds_cpl vmx est tm2 ssse3 sdbg fma cx16 xtpr pdcm pcid sse4_1 sse4_2 x2apic movbe popcnt tsc_deadline_timer aes xsave avx f16c rdrand lahf_lm abm 3dnowprefetch epb intel_pt tpr_shadow vnmi flexpriority ept vpid fsgsbase tsc_adjust bmi1 avx2 smep bmi2 erms invpcid mpx rdseed adx smap clflushopt xsaveopt xsavec xgetbv1 xsaves dtherm arat pln pts hwp hwp_notify hwp_act_window hwp_epp
bugs		:
bogomips	: 3984.00
clflush size	: 64
cache_alignment	: 64
address sizes	: 39 bits physical, 48 bits virtual
power management:

processor	: 1
vendor_id	: GenuineIntel
cpu family	: 6
model		: 78
model name	: Intel(R) Core(TM) i3-6006U CPU @ 2.00GHz
stepping	: 3
microcode	: 0x8a
cpu MHz		: 498.413
cache size	: 3072 KB
physical id	: 0
siblings	: 4
core id		: 1
cpu cores	: 2
apicid		: 2
initial apicid	: 2
fpu		: yes
fpu_exception	: yes
cpuid level	: 22
wp		: yes
flags		: fpu vme de pse tsc msr pae mce cx8 apic sep mtrr pge mca cmov pat pse36 clflush dts acpi mmx fxsr sse sse2 ss ht tm pbe syscall nx pdpe1gb rdtscp lm constant_tsc art arch_perfmon pebs bts rep_good nopl xtopology nonstop_tsc aperfmperf tsc_known_freq pni pclmulqdq dtes64 monitor ds_cpl vmx est tm2 ssse3 sdbg fma cx16 xtpr pdcm pcid sse4_1 sse4_2 x2apic movbe popcnt tsc_deadline_timer aes xsave avx f16c rdrand lahf_lm abm 3dnowprefetch epb intel_pt tpr_shadow vnmi flexpriority ept vpid fsgsbase tsc_adjust bmi1 avx2 smep bmi2 erms invpcid mpx rdseed adx smap clflushopt xsaveopt xsavec xgetbv1 xsaves dtherm arat pln pts hwp hwp_notify hwp_act_window hwp_epp
bugs		:
bogomips	: 3984.00
clflush size	: 64
cache_alignment	: 64
address sizes	: 39 bits physical, 48 bits virtual
power management:

processor	: 2
vendor_id	: GenuineIntel
cpu family	: 6
model		: 78
model name	: Intel(R) Core(TM) i3-6006U CPU @ 2.00GHz
stepping	: 3
microcode	: 0x8a
cpu MHz		: 566.162
cache size	: 3072 KB
physical id	: 0
siblings	: 4
core id		: 0
cpu cores	: 2
apicid		: 1
initial apicid	: 1
fpu		: yes
fpu_exception	: yes
cpuid level	: 22
wp		: yes
flags		: fpu vme de pse tsc msr pae mce cx8 apic sep mtrr pge mca cmov pat pse36 clflush dts acpi mmx fxsr sse sse2 ss ht tm pbe syscall nx pdpe1gb rdtscp lm constant_tsc art arch_perfmon pebs bts rep_good nopl xtopology nonstop_tsc aperfmperf tsc_known_freq pni pclmulqdq dtes64 monitor ds_cpl vmx est tm2 ssse3 sdbg fma cx16 xtpr pdcm pcid sse4_1 sse4_2 x2apic movbe popcnt tsc_deadline_timer aes xsave avx f16c rdrand lahf_lm abm 3dnowprefetch epb intel_pt tpr_shadow vnmi flexpriority ept vpid fsgsbase tsc_adjust bmi1 avx2 smep bmi2 erms invpcid mpx rdseed adx smap clflushopt xsaveopt xsavec xgetbv1 xsaves dtherm arat pln pts hwp hwp_notify hwp_act_window hwp_epp
bugs		:
bogomips	: 3984.00
clflush size	: 64
cache_alignment	: 64
address sizes	: 39 bits physical, 48 bits virtual
power management:

processor	: 3
vendor_id	: GenuineIntel
cpu family	: 6
model		: 78
model name	: Intel(R) Core(TM) i3-6006U CPU @ 2.00GHz
stepping	: 3
microcode	: 0x8a
cpu MHz		: 505.859
cache size	: 3072 KB
physical id	: 0
siblings	: 4
core id		: 1
cpu cores	: 2
apicid		: 3
initial apicid	: 3
fpu		: yes
fpu_exception	: yes
cpuid level	: 22
wp		: yes
flags		: fpu vme de pse tsc msr pae mce cx8 apic sep mtrr pge mca cmov pat pse36 clflush dts acpi mmx fxsr sse sse2 ss ht tm pbe syscall nx pdpe1gb rdtscp lm constant_tsc art arch_perfmon pebs bts rep_good nopl xtopology nonstop_tsc aperfmperf tsc_known_freq pni pclmulqdq dtes64 monitor ds_cpl vmx est tm2 ssse3 sdbg fma cx16 xtpr pdcm pcid sse4_1 sse4_2 x2apic movbe popcnt tsc_deadline_timer aes xsave avx f16c rdrand lahf_lm abm 3dnowprefetch epb intel_pt tpr_shadow vnmi flexpriority ept vpid fsgsbase tsc_adjust bmi1 avx2 smep bmi2 erms invpcid mpx rdseed adx smap clflushopt xsaveopt xsavec xgetbv1 xsaves dtherm arat pln pts hwp hwp_notify hwp_act_window hwp_epp
bugs		:
bogomips	: 3984.00
clflush size	: 64
cache_alignment	: 64
address sizes	: 39 bits physical, 48 bits virtual
power management:



Memory: 4k page, physical 3909984k(103696k free), swap 0k(0k free)

vm_info: OpenJDK 64-Bit Server VM (25.152-b01) for linux-amd64 JRE (1.8.0_152-release-915-b01), built by "builder" with gcc 4.8.4

time: Thu Nov 30 11:20:29 2017
elapsed time: 36 seconds (0d 0h 0m 36s)

